{"numTotalTestSuites":56,"numPassedTestSuites":56,"numFailedTestSuites":0,"numPendingTestSuites":0,"numTotalTests":0,"numPassedTests":0,"numFailedTests":0,"numPendingTests":0,"numTodoTests":0,"snapshot":{"added":0,"failure":false,"filesAdded":0,"filesRemoved":0,"filesRemovedList":[],"filesUnmatched":0,"filesUpdated":0,"matched":0,"total":0,"unchecked":0,"uncheckedKeysByFile":[],"unmatched":0,"updated":0,"didUpdate":false},"startTime":1758720738653,"success":true,"testResults":[{"assertionResults":[],"startTime":1758720738653,"endTime":1758720738653,"status":"passed","message":"","name":"/home/admin/dev/lx-annotate/frontend/tests/simple.test.ts"},{"assertionResults":[],"startTime":1758720738653,"endTime":1758720738653,"status":"passed","message":"","name":"/home/admin/dev/lx-annotate/frontend/src/tests/videoStore.test.js"},{"assertionResults":[],"startTime":1758720738653,"endTime":1758720738653,"status":"passed","message":"","name":"/home/admin/dev/lx-annotate/frontend/src/tests/videoStore.test.ts"},{"assertionResults":[],"startTime":1758720738653,"endTime":1758720738653,"status":"passed","message":"","name":"/home/admin/dev/lx-annotate/frontend/tests/integration/findingClassificationStorage.validation.test.ts"},{"assertionResults":[],"startTime":1758720738653,"endTime":1758720738653,"status":"passed","message":"","name":"/home/admin/dev/lx-annotate/frontend/tests/components/Timeline.spec.ts"},{"assertionResults":[],"startTime":1758720738653,"endTime":1758720738653,"status":"passed","message":"","name":"/home/admin/dev/lx-annotate/frontend/tests/stores/draft.test.ts"},{"assertionResults":[],"startTime":1758720738653,"endTime":1758720738653,"status":"passed","message":"","name":"/home/admin/dev/lx-annotate/frontend/tests/stores/patientFindingStore.classificationStorage.test.ts"},{"assertionResults":[],"startTime":1758720738653,"endTime":1758720738653,"status":"passed","message":"","name":"/home/admin/dev/lx-annotate/frontend/tests/stores/videoStore.test.ts"},{"assertionResults":[],"startTime":1758720738653,"endTime":1758720738653,"status":"passed","message":"","name":"/home/admin/dev/lx-annotate/frontend/tests/stores/videoStore2.test.ts"},{"assertionResults":[],"startTime":1758720738653,"endTime":1758720738653,"status":"passed","message":"","name":"/home/admin/dev/lx-annotate/frontend/tests/utils/timeUtils.test.ts"},{"assertionResults":[],"startTime":1758720738653,"endTime":1758720738653,"status":"passed","message":"","name":"/home/admin/dev/lx-annotate/frontend/tests/unit/FileDropZone.spec.ts"},{"assertionResults":[],"startTime":1758720738653,"endTime":1758720738653,"status":"passed","message":"","name":"/home/admin/dev/lx-annotate/frontend/tests/unit/findingFilters.spec.ts"},{"assertionResults":[],"startTime":1758720738653,"endTime":1758720738653,"status":"passed","message":"","name":"/home/admin/dev/lx-annotate/frontend/src/components/__tests__/DraftIndicator.test.js"},{"assertionResults":[],"startTime":1758720738653,"endTime":1758720738653,"status":"passed","message":"","name":"/home/admin/dev/lx-annotate/frontend/src/components/__tests__/DraftIndicator.test.ts"},{"assertionResults":[],"startTime":1758720738653,"endTime":1758720738653,"status":"passed","message":"","name":"/home/admin/dev/lx-annotate/frontend/src/components/__tests__/DraftManager.test.js"},{"assertionResults":[],"startTime":1758720738653,"endTime":1758720738653,"status":"passed","message":"","name":"/home/admin/dev/lx-annotate/frontend/src/components/__tests__/DraftManager.test.ts"},{"assertionResults":[],"startTime":1758720738653,"endTime":1758720738653,"status":"passed","message":"","name":"/home/admin/dev/lx-annotate/frontend/src/components/__tests__/DraftSystemIntegration.test.js"},{"assertionResults":[],"startTime":1758720738653,"endTime":1758720738653,"status":"passed","message":"","name":"/home/admin/dev/lx-annotate/frontend/src/components/__tests__/DraftSystemIntegration.test.ts"},{"assertionResults":[],"startTime":1758720738653,"endTime":1758720738653,"status":"passed","message":"","name":"/home/admin/dev/lx-annotate/frontend/src/stores/__tests__/draft.test.js"},{"assertionResults":[],"startTime":1758720738653,"endTime":1758720738653,"status":"passed","message":"","name":"/home/admin/dev/lx-annotate/frontend/src/stores/__tests__/draft.test.ts"},{"assertionResults":[],"startTime":1758720738653,"endTime":1758720738653,"status":"passed","message":"","name":"/home/admin/dev/lx-annotate/frontend/src/stores/__tests__/videoStore.test.js"},{"assertionResults":[],"startTime":1758720738653,"endTime":1758720738653,"status":"passed","message":"","name":"/home/admin/dev/lx-annotate/frontend/src/stores/__tests__/videoStore.test.ts"},{"assertionResults":[],"startTime":1758720738653,"endTime":1758720738653,"status":"passed","message":"","name":"/home/admin/dev/lx-annotate/frontend/src/utils/__tests__/timeUtils.test.js"},{"assertionResults":[],"startTime":1758720738653,"endTime":1758720738653,"status":"passed","message":"","name":"/home/admin/dev/lx-annotate/frontend/src/utils/__tests__/timeUtils.test.ts"},{"assertionResults":[],"startTime":1758720738653,"endTime":1758720738653,"status":"passed","message":"","name":"/home/admin/dev/lx-annotate/frontend/tests/components/Anonymizer/AnonymizationValidationComponent.media.spec.ts"},{"assertionResults":[],"startTime":1758720738653,"endTime":1758720738653,"status":"passed","message":"","name":"/home/admin/dev/lx-annotate/frontend/tests/components/Anonymizer/AnonymizationValidationComponent.simple.spec.ts"},{"assertionResults":[],"startTime":1758720738653,"endTime":1758720738653,"status":"passed","message":"","name":"/home/admin/dev/lx-annotate/frontend/tests/components/Anonymizer/AnonymizationValidationComponent.spec.ts"},{"assertionResults":[],"startTime":1758720738653,"endTime":1758720738653,"status":"passed","message":"","name":"/home/admin/dev/lx-annotate/frontend/tests/components/Anonymizer/AnonymizationValidationComponent.stores.spec.ts"},{"assertionResults":[],"startTime":1758720738653,"endTime":1758720738653,"status":"passed","message":"","name":"/home/admin/dev/lx-annotate/frontend/tests/components/Anonymizer/AnonymizationValidationComponent.validation.spec.ts"},{"assertionResults":[],"startTime":1758720738653,"endTime":1758720738653,"status":"passed","message":"","name":"/home/admin/dev/lx-annotate/frontend/tests/components/RequirementReport/AddableFindingsDetail.classificationWorkflow.test.ts"},{"assertionResults":[],"startTime":1758720738653,"endTime":1758720738653,"status":"passed","message":"","name":"/home/admin/dev/lx-annotate/frontend/tests/components/RequirementReport/RequirementGenerator.direct.spec.ts"},{"assertionResults":[],"startTime":1758720738653,"endTime":1758720738653,"status":"passed","message":"","name":"/home/admin/dev/lx-annotate/frontend/tests/components/RequirementReport/RequirementGenerator.simplified.spec.ts"},{"assertionResults":[],"startTime":1758720738653,"endTime":1758720738653,"status":"passed","message":"","name":"/home/admin/dev/lx-annotate/frontend/tests/components/RequirementReport/RequirementGenerator.spec.ts"},{"assertionResults":[],"startTime":1758720738653,"endTime":1758720738653,"status":"passed","message":"","name":"/home/admin/dev/lx-annotate/frontend/src/components/RequirementReport/__tests__/RequirementGenerator.direct.spec.js"},{"assertionResults":[],"startTime":1758720738653,"endTime":1758720738653,"status":"passed","message":"","name":"/home/admin/dev/lx-annotate/frontend/src/components/RequirementReport/__tests__/RequirementGenerator.direct.spec.ts"},{"assertionResults":[],"startTime":1758720738653,"endTime":1758720738653,"status":"passed","message":"","name":"/home/admin/dev/lx-annotate/frontend/src/components/RequirementReport/__tests__/RequirementGenerator.simplified.spec.js"},{"assertionResults":[],"startTime":1758720738653,"endTime":1758720738653,"status":"passed","message":"","name":"/home/admin/dev/lx-annotate/frontend/src/components/RequirementReport/__tests__/RequirementGenerator.simplified.spec.ts"},{"assertionResults":[],"startTime":1758720738653,"endTime":1758720738653,"status":"passed","message":"","name":"/home/admin/dev/lx-annotate/frontend/src/components/RequirementReport/__tests__/RequirementGenerator.spec.js"},{"assertionResults":[],"startTime":1758720738653,"endTime":1758720738653,"status":"passed","message":"","name":"/home/admin/dev/lx-annotate/frontend/src/components/RequirementReport/__tests__/RequirementGenerator.spec.ts"},{"assertionResults":[],"startTime":1758720738653,"endTime":1758720738653,"status":"passed","message":"","name":"/home/admin/dev/lx-annotate/frontend/.direnv/flake-inputs/qpn0092ypz2y6mfkhgq6q5dg3mx0ja6b-source/frontend/src/tests/videoStore.test.js"},{"assertionResults":[],"startTime":1758720738653,"endTime":1758720738653,"status":"passed","message":"","name":"/home/admin/dev/lx-annotate/frontend/.direnv/flake-inputs/qpn0092ypz2y6mfkhgq6q5dg3mx0ja6b-source/frontend/src/tests/videoStore.test.ts"},{"assertionResults":[],"startTime":1758720738653,"endTime":1758720738653,"status":"passed","message":"","name":"/home/admin/dev/lx-annotate/frontend/.direnv/flake-inputs/qpn0092ypz2y6mfkhgq6q5dg3mx0ja6b-source/frontend/tests/unit/FileDropZone.spec.ts"},{"assertionResults":[],"startTime":1758720738653,"endTime":1758720738653,"status":"passed","message":"","name":"/home/admin/dev/lx-annotate/frontend/.direnv/flake-inputs/qpn0092ypz2y6mfkhgq6q5dg3mx0ja6b-source/frontend/src/components/__tests__/DraftIndicator.test.js"},{"assertionResults":[],"startTime":1758720738653,"endTime":1758720738653,"status":"passed","message":"","name":"/home/admin/dev/lx-annotate/frontend/.direnv/flake-inputs/qpn0092ypz2y6mfkhgq6q5dg3mx0ja6b-source/frontend/src/components/__tests__/DraftIndicator.test.ts"},{"assertionResults":[],"startTime":1758720738653,"endTime":1758720738653,"status":"passed","message":"","name":"/home/admin/dev/lx-annotate/frontend/.direnv/flake-inputs/qpn0092ypz2y6mfkhgq6q5dg3mx0ja6b-source/frontend/src/components/__tests__/DraftManager.test.js"},{"assertionResults":[],"startTime":1758720738653,"endTime":1758720738653,"status":"passed","message":"","name":"/home/admin/dev/lx-annotate/frontend/.direnv/flake-inputs/qpn0092ypz2y6mfkhgq6q5dg3mx0ja6b-source/frontend/src/components/__tests__/DraftManager.test.ts"},{"assertionResults":[],"startTime":1758720738653,"endTime":1758720738653,"status":"passed","message":"","name":"/home/admin/dev/lx-annotate/frontend/.direnv/flake-inputs/qpn0092ypz2y6mfkhgq6q5dg3mx0ja6b-source/frontend/src/components/__tests__/DraftSystemIntegration.test.js"},{"assertionResults":[],"startTime":1758720738653,"endTime":1758720738653,"status":"passed","message":"","name":"/home/admin/dev/lx-annotate/frontend/.direnv/flake-inputs/qpn0092ypz2y6mfkhgq6q5dg3mx0ja6b-source/frontend/src/components/__tests__/DraftSystemIntegration.test.ts"},{"assertionResults":[],"startTime":1758720738653,"endTime":1758720738653,"status":"passed","message":"","name":"/home/admin/dev/lx-annotate/frontend/.direnv/flake-inputs/qpn0092ypz2y6mfkhgq6q5dg3mx0ja6b-source/frontend/src/utils/__tests__/timeUtils.test.js"},{"assertionResults":[],"startTime":1758720738653,"endTime":1758720738653,"status":"passed","message":"","name":"/home/admin/dev/lx-annotate/frontend/.direnv/flake-inputs/qpn0092ypz2y6mfkhgq6q5dg3mx0ja6b-source/frontend/src/utils/__tests__/timeUtils.test.ts"},{"assertionResults":[],"startTime":1758720738653,"endTime":1758720738653,"status":"passed","message":"","name":"/home/admin/dev/lx-annotate/frontend/.direnv/flake-inputs/qpn0092ypz2y6mfkhgq6q5dg3mx0ja6b-source/frontend/src/stores/__tests__/draft.test.js"},{"assertionResults":[],"startTime":1758720738653,"endTime":1758720738653,"status":"passed","message":"","name":"/home/admin/dev/lx-annotate/frontend/.direnv/flake-inputs/qpn0092ypz2y6mfkhgq6q5dg3mx0ja6b-source/frontend/src/stores/__tests__/draft.test.ts"},{"assertionResults":[],"startTime":1758720738653,"endTime":1758720738653,"status":"passed","message":"","name":"/home/admin/dev/lx-annotate/frontend/.direnv/flake-inputs/qpn0092ypz2y6mfkhgq6q5dg3mx0ja6b-source/frontend/src/stores/__tests__/videoStore.test.js"},{"assertionResults":[],"startTime":1758720738653,"endTime":1758720738653,"status":"passed","message":"","name":"/home/admin/dev/lx-annotate/frontend/.direnv/flake-inputs/qpn0092ypz2y6mfkhgq6q5dg3mx0ja6b-source/frontend/src/stores/__tests__/videoStore.test.ts"},{"assertionResults":[],"startTime":1758720738653,"endTime":1758720738653,"status":"passed","message":"","name":"/home/admin/dev/lx-annotate/frontend/.direnv/flake-inputs/qpn0092ypz2y6mfkhgq6q5dg3mx0ja6b-source/frontend/src/components/VideoExamination/__tests__/VideoExaminationAnnotation.test.js"},{"assertionResults":[],"startTime":1758720738653,"endTime":1758720738653,"status":"passed","message":"","name":"/home/admin/dev/lx-annotate/frontend/.direnv/flake-inputs/qpn0092ypz2y6mfkhgq6q5dg3mx0ja6b-source/frontend/src/components/VideoExamination/__tests__/VideoExaminationAnnotation.test.ts"}]}