{"numTotalTestSuites":208,"numPassedTestSuites":73,"numFailedTestSuites":135,"numPendingTestSuites":0,"numTotalTests":309,"numPassedTests":193,"numFailedTests":116,"numPendingTests":0,"numTodoTests":0,"snapshot":{"added":0,"failure":false,"filesAdded":0,"filesRemoved":0,"filesRemovedList":[],"filesUnmatched":0,"filesUpdated":0,"matched":0,"total":0,"unchecked":0,"uncheckedKeysByFile":[],"unmatched":0,"updated":0,"didUpdate":false},"startTime":1758639783658,"success":false,"testResults":[{"assertionResults":[{"ancestorTitles":["Simple Test"],"fullName":"Simple Test should pass","status":"passed","title":"should pass","duration":0.11814000000003944,"failureMessages":[],"meta":{}}],"startTime":1758639785914,"endTime":1758639785914.1182,"status":"passed","message":"","name":"/home/admin/dev/lx-annotate/frontend/tests/simple.test.ts"},{"assertionResults":[{"ancestorTitles":["VideoStore - Frame to Time Conversion","Helper Functions"],"fullName":"VideoStore - Frame to Time Conversion Helper Functions should convert frames to seconds correctly","status":"passed","title":"should convert frames to seconds correctly","duration":0.18283900000005815,"failureMessages":[],"meta":{}},{"ancestorTitles":["VideoStore - Frame to Time Conversion","Helper Functions"],"fullName":"VideoStore - Frame to Time Conversion Helper Functions should convert seconds to frames correctly","status":"passed","title":"should convert seconds to frames correctly","duration":0.08604200000036144,"failureMessages":[],"meta":{}},{"ancestorTitles":["VideoStore - Frame to Time Conversion","Helper Functions"],"fullName":"VideoStore - Frame to Time Conversion Helper Functions should handle invalid inputs safely","status":"passed","title":"should handle invalid inputs safely","duration":0.08410000000003492,"failureMessages":[],"meta":{}},{"ancestorTitles":["VideoStore - Frame to Time Conversion","Helper Functions"],"fullName":"VideoStore - Frame to Time Conversion Helper Functions should safely convert time values","status":"passed","title":"should safely convert time values","duration":0.12826100000029328,"failureMessages":[],"meta":{}},{"ancestorTitles":["VideoStore - Frame to Time Conversion","VideoStore Integration"],"fullName":"VideoStore - Frame to Time Conversion VideoStore Integration should process segments with correct time conversion","status":"passed","title":"should process segments with correct time conversion","duration":0.5712410000001,"failureMessages":[],"meta":{}},{"ancestorTitles":["VideoStore - Frame to Time Conversion","VideoStore Integration"],"fullName":"VideoStore - Frame to Time Conversion VideoStore Integration should calculate correct timeline width percentages","status":"passed","title":"should calculate correct timeline width percentages","duration":0.08340399999997317,"failureMessages":[],"meta":{}},{"ancestorTitles":["VideoStore - Frame to Time Conversion","VideoStore Integration"],"fullName":"VideoStore - Frame to Time Conversion VideoStore Integration should handle edge cases in segment processing","status":"passed","title":"should handle edge cases in segment processing","duration":0.097885000000133,"failureMessages":[],"meta":{}},{"ancestorTitles":["VideoStore - Frame to Time Conversion","Timeline Display Calculations"],"fullName":"VideoStore - Frame to Time Conversion Timeline Display Calculations should calculate segment width correctly for 10-second video","status":"passed","title":"should calculate segment width correctly for 10-second video","duration":0.07550700000001598,"failureMessages":[],"meta":{}},{"ancestorTitles":["VideoStore - Frame to Time Conversion","Timeline Display Calculations"],"fullName":"VideoStore - Frame to Time Conversion Timeline Display Calculations should handle segments converted from frames correctly","status":"passed","title":"should handle segments converted from frames correctly","duration":0.09793700000000172,"failureMessages":[],"meta":{}}],"startTime":1758639785553,"endTime":1758639785554.098,"status":"passed","message":"","name":"/home/admin/dev/lx-annotate/frontend/src/tests/videoStore.test.js"},{"assertionResults":[{"ancestorTitles":["VideoStore - Frame to Time Conversion","Helper Functions"],"fullName":"VideoStore - Frame to Time Conversion Helper Functions should convert frames to seconds correctly","status":"passed","title":"should convert frames to seconds correctly","duration":0.18499500000007174,"failureMessages":[],"meta":{}},{"ancestorTitles":["VideoStore - Frame to Time Conversion","Helper Functions"],"fullName":"VideoStore - Frame to Time Conversion Helper Functions should convert seconds to frames correctly","status":"passed","title":"should convert seconds to frames correctly","duration":0.08693099999982223,"failureMessages":[],"meta":{}},{"ancestorTitles":["VideoStore - Frame to Time Conversion","Helper Functions"],"fullName":"VideoStore - Frame to Time Conversion Helper Functions should handle invalid inputs safely","status":"passed","title":"should handle invalid inputs safely","duration":0.09684299999980794,"failureMessages":[],"meta":{}},{"ancestorTitles":["VideoStore - Frame to Time Conversion","Helper Functions"],"fullName":"VideoStore - Frame to Time Conversion Helper Functions should safely convert time values","status":"passed","title":"should safely convert time values","duration":0.11959200000001147,"failureMessages":[],"meta":{}},{"ancestorTitles":["VideoStore - Frame to Time Conversion","VideoStore Integration"],"fullName":"VideoStore - Frame to Time Conversion VideoStore Integration should process segments with correct time conversion","status":"passed","title":"should process segments with correct time conversion","duration":0.5334729999999581,"failureMessages":[],"meta":{}},{"ancestorTitles":["VideoStore - Frame to Time Conversion","VideoStore Integration"],"fullName":"VideoStore - Frame to Time Conversion VideoStore Integration should calculate correct timeline width percentages","status":"passed","title":"should calculate correct timeline width percentages","duration":0.07973800000036135,"failureMessages":[],"meta":{}},{"ancestorTitles":["VideoStore - Frame to Time Conversion","VideoStore Integration"],"fullName":"VideoStore - Frame to Time Conversion VideoStore Integration should handle edge cases in segment processing","status":"passed","title":"should handle edge cases in segment processing","duration":0.09375700000009601,"failureMessages":[],"meta":{}},{"ancestorTitles":["VideoStore - Frame to Time Conversion","Timeline Display Calculations"],"fullName":"VideoStore - Frame to Time Conversion Timeline Display Calculations should calculate segment width correctly for 10-second video","status":"passed","title":"should calculate segment width correctly for 10-second video","duration":0.05804400000033638,"failureMessages":[],"meta":{}},{"ancestorTitles":["VideoStore - Frame to Time Conversion","Timeline Display Calculations"],"fullName":"VideoStore - Frame to Time Conversion Timeline Display Calculations should handle segments converted from frames correctly","status":"passed","title":"should handle segments converted from frames correctly","duration":0.13442899999972724,"failureMessages":[],"meta":{}}],"startTime":1758639785566,"endTime":1758639785567.1345,"status":"passed","message":"","name":"/home/admin/dev/lx-annotate/frontend/src/tests/videoStore.test.ts"},{"assertionResults":[],"startTime":1758639783658,"endTime":1758639783658,"status":"failed","message":"Failed to resolve import \"../DraftIndicator.vue\" from \"tests/components/DraftIndicator.test.ts\". Does the file exist?","name":"/home/admin/dev/lx-annotate/frontend/tests/components/DraftIndicator.test.ts"},{"assertionResults":[],"startTime":1758639783658,"endTime":1758639783658,"status":"failed","message":"Failed to resolve import \"../DraftManager.vue\" from \"tests/components/DraftManager.test.ts\". Does the file exist?","name":"/home/admin/dev/lx-annotate/frontend/tests/components/DraftManager.test.ts"},{"assertionResults":[],"startTime":1758639783658,"endTime":1758639783658,"status":"failed","message":"Failed to resolve import \"../../stores/draft\" from \"tests/components/DraftSystemIntegration.test.ts\". Does the file exist?","name":"/home/admin/dev/lx-annotate/frontend/tests/components/DraftSystemIntegration.test.ts"},{"assertionResults":[{"ancestorTitles":["Timeline.vue - Typed Emits & Interactions","A) Emit typing sanity"],"fullName":"Timeline.vue - Typed Emits & Interactions A) Emit typing sanity should mount without TypeScript errors","status":"passed","title":"should mount without TypeScript errors","duration":6.499089000000367,"failureMessages":[],"meta":{}},{"ancestorTitles":["Timeline.vue - Typed Emits & Interactions","A) Emit typing sanity"],"fullName":"Timeline.vue - Typed Emits & Interactions A) Emit typing sanity should have correctly typed emit function","status":"passed","title":"should have correctly typed emit function","duration":3.075330000000122,"failureMessages":[],"meta":{}},{"ancestorTitles":["Timeline.vue - Typed Emits & Interactions","B) seek event"],"fullName":"Timeline.vue - Typed Emits & Interactions B) seek event should emit seek with correct time when clicking timeline in non-selection mode","status":"passed","title":"should emit seek with correct time when clicking timeline in non-selection mode","duration":7.879418999999871,"failureMessages":[],"meta":{}},{"ancestorTitles":["Timeline.vue - Typed Emits & Interactions","B) seek event"],"fullName":"Timeline.vue - Typed Emits & Interactions B) seek event should not emit seek when duration is 0 (guard test)","status":"failed","title":"should not emit seek when duration is 0 (guard test)","duration":3.3838980000000447,"failureMessages":["AssertionError: expected [ [ +0 ] ] to be falsy\n    at /home/admin/dev/lx-annotate/frontend/tests/components/Timeline.spec.ts:112:26\n    at file:///home/admin/dev/lx-annotate/frontend/node_modules/@vitest/runner/dist/chunk-hooks.js:752:20"],"meta":{}},{"ancestorTitles":["Timeline.vue - Typed Emits & Interactions","C) time-selection event"],"fullName":"Timeline.vue - Typed Emits & Interactions C) time-selection event should emit time-selection when dragging in selection mode","status":"passed","title":"should emit time-selection when dragging in selection mode","duration":4.921638999999686,"failureMessages":[],"meta":{}},{"ancestorTitles":["Timeline.vue - Typed Emits & Interactions","C) time-selection event"],"fullName":"Timeline.vue - Typed Emits & Interactions C) time-selection event should not emit time-selection for selections smaller than 0.1s","status":"passed","title":"should not emit time-selection for selections smaller than 0.1s","duration":3.7929049999997915,"failureMessages":[],"meta":{}},{"ancestorTitles":["Timeline.vue - Typed Emits & Interactions","D) play-pause event"],"fullName":"Timeline.vue - Typed Emits & Interactions D) play-pause event should emit play-pause when clicking play button","status":"passed","title":"should emit play-pause when clicking play button","duration":3.0948459999999614,"failureMessages":[],"meta":{}},{"ancestorTitles":["Timeline.vue - Typed Emits & Interactions","D) play-pause event"],"fullName":"Timeline.vue - Typed Emits & Interactions D) play-pause event should not emit play-pause when button is disabled (no video)","status":"passed","title":"should not emit play-pause when button is disabled (no video)","duration":1.8647149999997055,"failureMessages":[],"meta":{}},{"ancestorTitles":["Timeline.vue - Typed Emits & Interactions","E) segment-delete event"],"fullName":"Timeline.vue - Typed Emits & Interactions E) segment-delete event should emit segment-delete when clicking X button","status":"passed","title":"should emit segment-delete when clicking X button","duration":12.294832000000042,"failureMessages":[],"meta":{}},{"ancestorTitles":["Timeline.vue - Typed Emits & Interactions","F) segment-resize event (Pointer Events)"],"fullName":"Timeline.vue - Typed Emits & Interactions F) segment-resize event (Pointer Events) should emit live and final segment-resize events when dragging end handle","status":"failed","title":"should emit live and final segment-resize events when dragging end handle","duration":7.18543899999986,"failureMessages":["AssertionError: expected undefined to be truthy\n    at /home/admin/dev/lx-annotate/frontend/tests/components/Timeline.spec.ts:283:28\n    at file:///home/admin/dev/lx-annotate/frontend/node_modules/@vitest/runner/dist/chunk-hooks.js:752:20"],"meta":{}},{"ancestorTitles":["Timeline.vue - Typed Emits & Interactions","G) segment-move event"],"fullName":"Timeline.vue - Typed Emits & Interactions G) segment-move event should emit live and final segment-move events when dragging segment body","status":"failed","title":"should emit live and final segment-move events when dragging segment body","duration":4.412987000000157,"failureMessages":["AssertionError: expected undefined to be truthy\n    at /home/admin/dev/lx-annotate/frontend/tests/components/Timeline.spec.ts:332:26\n    at file:///home/admin/dev/lx-annotate/frontend/node_modules/@vitest/runner/dist/chunk-hooks.js:752:20"],"meta":{}},{"ancestorTitles":["Timeline.vue - Typed Emits & Interactions","H) Guards and edge cases"],"fullName":"Timeline.vue - Typed Emits & Interactions H) Guards and edge cases should handle duration=0 without NaN in playhead position","status":"passed","title":"should handle duration=0 without NaN in playhead position","duration":2.003385999999864,"failureMessages":[],"meta":{}},{"ancestorTitles":["Timeline.vue - Typed Emits & Interactions","H) Guards and edge cases"],"fullName":"Timeline.vue - Typed Emits & Interactions H) Guards and edge cases should handle invalid currentTime without errors","status":"passed","title":"should handle invalid currentTime without errors","duration":2.1696170000000166,"failureMessages":[],"meta":{}},{"ancestorTitles":["Timeline.vue - Typed Emits & Interactions","H) Guards and edge cases"],"fullName":"Timeline.vue - Typed Emits & Interactions H) Guards and edge cases should handle draft/temp segment IDs correctly","status":"passed","title":"should handle draft/temp segment IDs correctly","duration":6.9288980000001175,"failureMessages":[],"meta":{}},{"ancestorTitles":["Timeline.vue - Typed Emits & Interactions","segment-select event"],"fullName":"Timeline.vue - Typed Emits & Interactions segment-select event should emit segment-select when clicking segment body","status":"passed","title":"should emit segment-select when clicking segment body","duration":5.607614000000012,"failureMessages":[],"meta":{}}],"startTime":1758639785353,"endTime":1758639785428.6077,"status":"failed","message":"","name":"/home/admin/dev/lx-annotate/frontend/tests/components/Timeline.spec.ts"},{"assertionResults":[{"ancestorTitles":["FileDropZone.vue"],"fullName":"FileDropZone.vue emits files-selected with correct payload when change event is fired","status":"passed","title":"emits files-selected with correct payload when change event is fired","duration":3.8202580000001944,"failureMessages":[],"meta":{}},{"ancestorTitles":["FileDropZone.vue"],"fullName":"FileDropZone.vue shows validation error when no files are selected","status":"passed","title":"shows validation error when no files are selected","duration":1.7616519999996854,"failureMessages":[],"meta":{}},{"ancestorTitles":["FileDropZone.vue"],"fullName":"FileDropZone.vue handles drag and drop events correctly","status":"passed","title":"handles drag and drop events correctly","duration":2.372353000000203,"failureMessages":[],"meta":{}},{"ancestorTitles":["FileDropZone.vue"],"fullName":"FileDropZone.vue triggers file input when clicked","status":"passed","title":"triggers file input when clicked","duration":1.734838999999738,"failureMessages":[],"meta":{}},{"ancestorTitles":["FileDropZone.vue"],"fullName":"FileDropZone.vue triggers file input when Enter key is pressed","status":"passed","title":"triggers file input when Enter key is pressed","duration":1.4747030000003178,"failureMessages":[],"meta":{}},{"ancestorTitles":["FileDropZone.vue"],"fullName":"FileDropZone.vue shows loading state when isUploading prop is true","status":"passed","title":"shows loading state when isUploading prop is true","duration":1.2512299999998504,"failureMessages":[],"meta":{}}],"startTime":1758639785784,"endTime":1758639785797.2512,"status":"passed","message":"","name":"/home/admin/dev/lx-annotate/frontend/tests/unit/FileDropZone.spec.ts"},{"assertionResults":[{"ancestorTitles":["timeUtils","formatTime"],"fullName":"timeUtils formatTime should format seconds to MM:SS format","status":"passed","title":"should format seconds to MM:SS format","duration":0.18677300000035757,"failureMessages":[],"meta":{}},{"ancestorTitles":["timeUtils","formatTime"],"fullName":"timeUtils formatTime should handle decimal seconds","status":"passed","title":"should handle decimal seconds","duration":0.05569299999979194,"failureMessages":[],"meta":{}},{"ancestorTitles":["timeUtils","formatTime"],"fullName":"timeUtils formatTime should handle edge cases","status":"passed","title":"should handle edge cases","duration":0.06010299999979907,"failureMessages":[],"meta":{}},{"ancestorTitles":["timeUtils","parseTime"],"fullName":"timeUtils parseTime should parse MM:SS format to seconds","status":"passed","title":"should parse MM:SS format to seconds","duration":0.08166399999981877,"failureMessages":[],"meta":{}},{"ancestorTitles":["timeUtils","parseTime"],"fullName":"timeUtils parseTime should handle single digit inputs","status":"passed","title":"should handle single digit inputs","duration":0.06365899999991598,"failureMessages":[],"meta":{}},{"ancestorTitles":["timeUtils","parseTime"],"fullName":"timeUtils parseTime should return null for invalid formats","status":"passed","title":"should return null for invalid formats","duration":0.07050899999967442,"failureMessages":[],"meta":{}},{"ancestorTitles":["timeUtils","isValidTimeRange"],"fullName":"timeUtils isValidTimeRange should validate time ranges","status":"passed","title":"should validate time ranges","duration":0.09664100000009057,"failureMessages":[],"meta":{}},{"ancestorTitles":["timeUtils","isValidTimeRange"],"fullName":"timeUtils isValidTimeRange should handle edge cases","status":"passed","title":"should handle edge cases","duration":0.0692269999999553,"failureMessages":[],"meta":{}},{"ancestorTitles":["timeUtils","calculateDuration"],"fullName":"timeUtils calculateDuration should calculate duration between two times","status":"passed","title":"should calculate duration between two times","duration":0.04798000000027969,"failureMessages":[],"meta":{}},{"ancestorTitles":["timeUtils","calculateDuration"],"fullName":"timeUtils calculateDuration should handle decimal times","status":"passed","title":"should handle decimal times","duration":0.04811500000005253,"failureMessages":[],"meta":{}},{"ancestorTitles":["timeUtils","calculateDuration"],"fullName":"timeUtils calculateDuration should return 0 for invalid ranges","status":"passed","title":"should return 0 for invalid ranges","duration":0.04748100000006161,"failureMessages":[],"meta":{}}],"startTime":1758639785865,"endTime":1758639785866.0967,"status":"passed","message":"","name":"/home/admin/dev/lx-annotate/frontend/tests/utils/timeUtils.test.ts"},{"assertionResults":[{"ancestorTitles":["Draft Store"],"fullName":"Draft Store should initialize with empty state","status":"passed","title":"should initialize with empty state","duration":0.555562000000009,"failureMessages":[],"meta":{}},{"ancestorTitles":["Draft Store"],"fullName":"Draft Store should save draft annotation","status":"passed","title":"should save draft annotation","duration":0.5157800000001771,"failureMessages":[],"meta":{}},{"ancestorTitles":["Draft Store"],"fullName":"Draft Store should get drafts for video","status":"passed","title":"should get drafts for video","duration":0.7625100000000202,"failureMessages":[],"meta":{}},{"ancestorTitles":["Draft Store"],"fullName":"Draft Store should remove draft annotation","status":"passed","title":"should remove draft annotation","duration":0.6159179999999651,"failureMessages":[],"meta":{}},{"ancestorTitles":["Draft Store"],"fullName":"Draft Store should clear all drafts for video","status":"passed","title":"should clear all drafts for video","duration":0.49649100000033286,"failureMessages":[],"meta":{}},{"ancestorTitles":["Draft Store"],"fullName":"Draft Store should clear all drafts","status":"passed","title":"should clear all drafts","duration":0.4858399999998255,"failureMessages":[],"meta":{}},{"ancestorTitles":["Draft Store"],"fullName":"Draft Store should persist drafts to localStorage","status":"failed","title":"should persist drafts to localStorage","duration":0.8583810000000085,"failureMessages":["AssertionError: expected \"setItem\" to be called with arguments: [ 'lx-annotate-drafts', …(1) ]\u001b[90m\n\nNumber of calls: \u001b[1m0\u001b[22m\n\u001b[39m\n    at Proxy.<anonymous> (file:///home/admin/dev/lx-annotate/frontend/node_modules/@vitest/expect/dist/index.js:1355:10)\n    at Proxy.<anonymous> (file:///home/admin/dev/lx-annotate/frontend/node_modules/@vitest/expect/dist/index.js:1029:14)\n    at Proxy.methodWrapper (file:///home/admin/dev/lx-annotate/frontend/node_modules/chai/index.js:1686:25)\n    at /home/admin/dev/lx-annotate/frontend/tests/stores/draft.test.ts:168:25\n    at file:///home/admin/dev/lx-annotate/frontend/node_modules/@vitest/runner/dist/chunk-hooks.js:155:11\n    at file:///home/admin/dev/lx-annotate/frontend/node_modules/@vitest/runner/dist/chunk-hooks.js:752:26\n    at file:///home/admin/dev/lx-annotate/frontend/node_modules/@vitest/runner/dist/chunk-hooks.js:1897:20\n    at new Promise (<anonymous>)\n    at runWithTimeout (file:///home/admin/dev/lx-annotate/frontend/node_modules/@vitest/runner/dist/chunk-hooks.js:1863:10)\n    at runTest (file:///home/admin/dev/lx-annotate/frontend/node_modules/@vitest/runner/dist/chunk-hooks.js:1574:12)"],"meta":{}},{"ancestorTitles":["Draft Store"],"fullName":"Draft Store should load drafts from localStorage","status":"failed","title":"should load drafts from localStorage","duration":0.5588880000000245,"failureMessages":["AssertionError: expected [] to have a length of 1 but got +0\n    at Proxy.<anonymous> (file:///home/admin/dev/lx-annotate/frontend/node_modules/@vitest/expect/dist/index.js:1257:20)\n    at Proxy.<anonymous> (file:///home/admin/dev/lx-annotate/frontend/node_modules/@vitest/expect/dist/index.js:1029:14)\n    at Proxy.methodWrapper (file:///home/admin/dev/lx-annotate/frontend/node_modules/chai/index.js:1686:25)\n    at /home/admin/dev/lx-annotate/frontend/tests/stores/draft.test.ts:197:46\n    at file:///home/admin/dev/lx-annotate/frontend/node_modules/@vitest/runner/dist/chunk-hooks.js:155:11\n    at file:///home/admin/dev/lx-annotate/frontend/node_modules/@vitest/runner/dist/chunk-hooks.js:752:26\n    at file:///home/admin/dev/lx-annotate/frontend/node_modules/@vitest/runner/dist/chunk-hooks.js:1897:20\n    at new Promise (<anonymous>)\n    at runWithTimeout (file:///home/admin/dev/lx-annotate/frontend/node_modules/@vitest/runner/dist/chunk-hooks.js:1863:10)\n    at runTest (file:///home/admin/dev/lx-annotate/frontend/node_modules/@vitest/runner/dist/chunk-hooks.js:1574:12)"],"meta":{}},{"ancestorTitles":["Draft Store"],"fullName":"Draft Store should update existing draft annotation","status":"passed","title":"should update existing draft annotation","duration":0.4682999999999993,"failureMessages":[],"meta":{}},{"ancestorTitles":["Draft Store"],"fullName":"Draft Store should handle empty localStorage gracefully","status":"passed","title":"should handle empty localStorage gracefully","duration":0.2743020000002616,"failureMessages":[],"meta":{}},{"ancestorTitles":["Draft Store"],"fullName":"Draft Store should handle corrupted localStorage data","status":"passed","title":"should handle corrupted localStorage data","duration":0.28968699999995806,"failureMessages":[],"meta":{}},{"ancestorTitles":["Draft Store","Draft Segment Management"],"fullName":"Draft Store Draft Segment Management should start a draft segment","status":"passed","title":"should start a draft segment","duration":0.30492899999990186,"failureMessages":[],"meta":{}},{"ancestorTitles":["Draft Store","Draft Segment Management"],"fullName":"Draft Store Draft Segment Management should update draft end time","status":"passed","title":"should update draft end time","duration":0.29165899999998146,"failureMessages":[],"meta":{}},{"ancestorTitles":["Draft Store","Draft Segment Management"],"fullName":"Draft Store Draft Segment Management should cancel draft","status":"passed","title":"should cancel draft","duration":0.25742700000000696,"failureMessages":[],"meta":{}}],"startTime":1758639785576,"endTime":1758639785583.2573,"status":"failed","message":"","name":"/home/admin/dev/lx-annotate/frontend/tests/stores/draft.test.ts"},{"assertionResults":[{"ancestorTitles":["VideoStore","Draft Creation and Management"],"fullName":"VideoStore Draft Creation and Management should start a draft with correct initial values","status":"failed","title":"should start a draft with correct initial values","duration":1.4794040000001587,"failureMessages":["AssertionError: expected { id: 'draft-1758639785446', …(5) } to deeply equal { label: 'polyp', start: 10.5, …(1) }\n    at /home/admin/dev/lx-annotate/frontend/tests/stores/videoStore.test.ts:32:34\n    at file:///home/admin/dev/lx-annotate/frontend/node_modules/@vitest/runner/dist/chunk-hooks.js:155:11\n    at file:///home/admin/dev/lx-annotate/frontend/node_modules/@vitest/runner/dist/chunk-hooks.js:752:26\n    at file:///home/admin/dev/lx-annotate/frontend/node_modules/@vitest/runner/dist/chunk-hooks.js:1897:20\n    at new Promise (<anonymous>)\n    at runWithTimeout (file:///home/admin/dev/lx-annotate/frontend/node_modules/@vitest/runner/dist/chunk-hooks.js:1863:10)\n    at runTest (file:///home/admin/dev/lx-annotate/frontend/node_modules/@vitest/runner/dist/chunk-hooks.js:1574:12)\n    at runSuite (file:///home/admin/dev/lx-annotate/frontend/node_modules/@vitest/runner/dist/chunk-hooks.js:1729:8)\n    at runSuite (file:///home/admin/dev/lx-annotate/frontend/node_modules/@vitest/runner/dist/chunk-hooks.js:1729:8)\n    at runSuite (file:///home/admin/dev/lx-annotate/frontend/node_modules/@vitest/runner/dist/chunk-hooks.js:1729:8)"],"meta":{}},{"ancestorTitles":["VideoStore","Draft Creation and Management"],"fullName":"VideoStore Draft Creation and Management should update draft end time","status":"failed","title":"should update draft end time","duration":0.9649020000001656,"failureMessages":["AssertionError: expected { id: 'draft-1758639785447', …(5) } to deeply equal { Object (label, start, ...) }\n    at /home/admin/dev/lx-annotate/frontend/tests/stores/videoStore.test.ts:47:34\n    at file:///home/admin/dev/lx-annotate/frontend/node_modules/@vitest/runner/dist/chunk-hooks.js:155:11\n    at file:///home/admin/dev/lx-annotate/frontend/node_modules/@vitest/runner/dist/chunk-hooks.js:752:26\n    at file:///home/admin/dev/lx-annotate/frontend/node_modules/@vitest/runner/dist/chunk-hooks.js:1897:20\n    at new Promise (<anonymous>)\n    at runWithTimeout (file:///home/admin/dev/lx-annotate/frontend/node_modules/@vitest/runner/dist/chunk-hooks.js:1863:10)\n    at runTest (file:///home/admin/dev/lx-annotate/frontend/node_modules/@vitest/runner/dist/chunk-hooks.js:1574:12)\n    at runSuite (file:///home/admin/dev/lx-annotate/frontend/node_modules/@vitest/runner/dist/chunk-hooks.js:1729:8)\n    at runSuite (file:///home/admin/dev/lx-annotate/frontend/node_modules/@vitest/runner/dist/chunk-hooks.js:1729:8)\n    at runSuite (file:///home/admin/dev/lx-annotate/frontend/node_modules/@vitest/runner/dist/chunk-hooks.js:1729:8)"],"meta":{}},{"ancestorTitles":["VideoStore","Draft Creation and Management"],"fullName":"VideoStore Draft Creation and Management should not update end time if no draft exists","status":"passed","title":"should not update end time if no draft exists","duration":0.3896609999997054,"failureMessages":[],"meta":{}},{"ancestorTitles":["VideoStore","Draft Creation and Management"],"fullName":"VideoStore Draft Creation and Management should cancel draft and reset to null","status":"passed","title":"should cancel draft and reset to null","duration":0.3783410000000913,"failureMessages":[],"meta":{}},{"ancestorTitles":["VideoStore","Draft Creation and Management"],"fullName":"VideoStore Draft Creation and Management should replace existing draft when starting new one","status":"failed","title":"should replace existing draft when starting new one","duration":0.7862390000000232,"failureMessages":["AssertionError: expected { id: 'draft-1758639785449', …(5) } to deeply equal { Object (label, start, ...) }\n    at /home/admin/dev/lx-annotate/frontend/tests/stores/videoStore.test.ts:83:34\n    at file:///home/admin/dev/lx-annotate/frontend/node_modules/@vitest/runner/dist/chunk-hooks.js:155:11\n    at file:///home/admin/dev/lx-annotate/frontend/node_modules/@vitest/runner/dist/chunk-hooks.js:752:26\n    at file:///home/admin/dev/lx-annotate/frontend/node_modules/@vitest/runner/dist/chunk-hooks.js:1897:20\n    at new Promise (<anonymous>)\n    at runWithTimeout (file:///home/admin/dev/lx-annotate/frontend/node_modules/@vitest/runner/dist/chunk-hooks.js:1863:10)\n    at runTest (file:///home/admin/dev/lx-annotate/frontend/node_modules/@vitest/runner/dist/chunk-hooks.js:1574:12)\n    at runSuite (file:///home/admin/dev/lx-annotate/frontend/node_modules/@vitest/runner/dist/chunk-hooks.js:1729:8)\n    at runSuite (file:///home/admin/dev/lx-annotate/frontend/node_modules/@vitest/runner/dist/chunk-hooks.js:1729:8)\n    at runSuite (file:///home/admin/dev/lx-annotate/frontend/node_modules/@vitest/runner/dist/chunk-hooks.js:1729:8)"],"meta":{}},{"ancestorTitles":["VideoStore","Draft Commit Process"],"fullName":"VideoStore Draft Commit Process should successfully commit a complete draft","status":"failed","title":"should successfully commit a complete draft","duration":0.6723560000000361,"failureMessages":["AssertionError: expected \"spy\" to be called with arguments: [ '/api/media/videos/segments/', …(1) ]\u001b[90m\n\nNumber of calls: \u001b[1m0\u001b[22m\n\u001b[39m\n    at Proxy.<anonymous> (file:///home/admin/dev/lx-annotate/frontend/node_modules/@vitest/expect/dist/index.js:1355:10)\n    at Proxy.<anonymous> (file:///home/admin/dev/lx-annotate/frontend/node_modules/@vitest/expect/dist/index.js:1029:14)\n    at Proxy.methodWrapper (file:///home/admin/dev/lx-annotate/frontend/node_modules/chai/index.js:1686:25)\n    at /home/admin/dev/lx-annotate/frontend/tests/stores/videoStore.test.ts:111:45\n    at file:///home/admin/dev/lx-annotate/frontend/node_modules/@vitest/runner/dist/chunk-hooks.js:752:20"],"meta":{}},{"ancestorTitles":["VideoStore","Draft Commit Process"],"fullName":"VideoStore Draft Commit Process should return null if draft is incomplete (no end time)","status":"failed","title":"should return null if draft is incomplete (no end time)","duration":0.8836750000000393,"failureMessages":["AssertionError: expected { id: 'draft-1758639785451', …(5) } to deeply equal { label: 'polyp', start: 10.5, …(1) }\n    at /home/admin/dev/lx-annotate/frontend/tests/stores/videoStore.test.ts:144:34\n    at file:///home/admin/dev/lx-annotate/frontend/node_modules/@vitest/runner/dist/chunk-hooks.js:752:20"],"meta":{}},{"ancestorTitles":["VideoStore","Draft Commit Process"],"fullName":"VideoStore Draft Commit Process should return null if no draft exists","status":"passed","title":"should return null if no draft exists","duration":0.47528900000042995,"failureMessages":[],"meta":{}},{"ancestorTitles":["VideoStore","Draft Commit Process"],"fullName":"VideoStore Draft Commit Process should return null if no current video","status":"passed","title":"should return null if no current video","duration":0.5460959999995794,"failureMessages":[],"meta":{}},{"ancestorTitles":["VideoStore","Draft Commit Process"],"fullName":"VideoStore Draft Commit Process should handle API errors gracefully","status":"failed","title":"should handle API errors gracefully","duration":0.7450069999999869,"failureMessages":["AssertionError: expected '' to be 'Error creating segment. Please try ag…' // Object.is equality\n    at /home/admin/dev/lx-annotate/frontend/tests/stores/videoStore.test.ts:190:34\n    at file:///home/admin/dev/lx-annotate/frontend/node_modules/@vitest/runner/dist/chunk-hooks.js:752:20"],"meta":{}},{"ancestorTitles":["VideoStore","Draft Commit Process"],"fullName":"VideoStore Draft Commit Process should create new label group if it doesn't exist","status":"failed","title":"should create new label group if it doesn't exist","duration":0.6519639999996798,"failureMessages":["AssertionError: expected undefined to be defined\n    at /home/admin/dev/lx-annotate/frontend/tests/stores/videoStore.test.ts:218:47\n    at file:///home/admin/dev/lx-annotate/frontend/node_modules/@vitest/runner/dist/chunk-hooks.js:752:20"],"meta":{}},{"ancestorTitles":["VideoStore","Integration with Translation System"],"fullName":"VideoStore Integration with Translation System should use correct translated label display names","status":"failed","title":"should use correct translated label display names","duration":0.6049579999998969,"failureMessages":["AssertionError: expected '' to be 'Polyp' // Object.is equality\n    at /home/admin/dev/lx-annotate/frontend/tests/stores/videoStore.test.ts:239:65\n    at file:///home/admin/dev/lx-annotate/frontend/node_modules/@vitest/runner/dist/chunk-hooks.js:752:20"],"meta":{}},{"ancestorTitles":["VideoStore","Integration with Translation System"],"fullName":"VideoStore Integration with Translation System should handle unknown labels gracefully","status":"failed","title":"should handle unknown labels gracefully","duration":0.5398810000001504,"failureMessages":["AssertionError: expected undefined to be 'unknown_label' // Object.is equality\n    at /home/admin/dev/lx-annotate/frontend/tests/stores/videoStore.test.ts:256:29\n    at file:///home/admin/dev/lx-annotate/frontend/node_modules/@vitest/runner/dist/chunk-hooks.js:752:20"],"meta":{}},{"ancestorTitles":["VideoStore","Frame Calculation"],"fullName":"VideoStore Frame Calculation should calculate frame numbers correctly with 30 FPS","status":"failed","title":"should calculate frame numbers correctly with 30 FPS","duration":0.5693299999998089,"failureMessages":["AssertionError: expected undefined to be 165 // Object.is equality\n    at /home/admin/dev/lx-annotate/frontend/tests/stores/videoStore.test.ts:275:40\n    at file:///home/admin/dev/lx-annotate/frontend/node_modules/@vitest/runner/dist/chunk-hooks.js:752:20"],"meta":{}},{"ancestorTitles":["VideoStore","Edge Cases and Validation"],"fullName":"VideoStore Edge Cases and Validation should handle zero start time","status":"failed","title":"should handle zero start time","duration":0.5265650000001187,"failureMessages":["AssertionError: expected undefined to be +0 // Object.is equality\n    at /home/admin/dev/lx-annotate/frontend/tests/stores/videoStore.test.ts:295:33\n    at file:///home/admin/dev/lx-annotate/frontend/node_modules/@vitest/runner/dist/chunk-hooks.js:752:20"],"meta":{}},{"ancestorTitles":["VideoStore","Edge Cases and Validation"],"fullName":"VideoStore Edge Cases and Validation should handle very short segments","status":"failed","title":"should handle very short segments","duration":0.6374650000002475,"failureMessages":["AssertionError: expected NaN to be 0.1 // Object.is equality\n    at /home/admin/dev/lx-annotate/frontend/tests/stores/videoStore.test.ts:313:53\n    at file:///home/admin/dev/lx-annotate/frontend/node_modules/@vitest/runner/dist/chunk-hooks.js:752:20"],"meta":{}},{"ancestorTitles":["VideoStore","Edge Cases and Validation"],"fullName":"VideoStore Edge Cases and Validation should handle decimal precision correctly","status":"failed","title":"should handle decimal precision correctly","duration":0.5401809999998477,"failureMessages":["AssertionError: expected undefined to be 310 // Object.is equality\n    at /home/admin/dev/lx-annotate/frontend/tests/stores/videoStore.test.ts:330:40\n    at file:///home/admin/dev/lx-annotate/frontend/node_modules/@vitest/runner/dist/chunk-hooks.js:752:20"],"meta":{}},{"ancestorTitles":["Draft System Integration Scenarios","User Workflow Simulations"],"fullName":"Draft System Integration Scenarios User Workflow Simulations should simulate: Label selection → Button workflow","status":"failed","title":"should simulate: Label selection → Button workflow","duration":0.5896339999999327,"failureMessages":["AssertionError: expected null to be truthy\n    at /home/admin/dev/lx-annotate/frontend/tests/stores/videoStore.test.ts:377:22\n    at file:///home/admin/dev/lx-annotate/frontend/node_modules/@vitest/runner/dist/chunk-hooks.js:752:20"],"meta":{}},{"ancestorTitles":["Draft System Integration Scenarios","User Workflow Simulations"],"fullName":"Draft System Integration Scenarios User Workflow Simulations should simulate: Shift-click timeline workflow","status":"failed","title":"should simulate: Shift-click timeline workflow","duration":0.49710800000002564,"failureMessages":["AssertionError: expected null to be truthy\n    at /home/admin/dev/lx-annotate/frontend/tests/stores/videoStore.test.ts:395:22\n    at file:///home/admin/dev/lx-annotate/frontend/node_modules/@vitest/runner/dist/chunk-hooks.js:752:20"],"meta":{}},{"ancestorTitles":["Draft System Integration Scenarios","User Workflow Simulations"],"fullName":"Draft System Integration Scenarios User Workflow Simulations should simulate: User changes mind and cancels","status":"passed","title":"should simulate: User changes mind and cancels","duration":0.39668399999982284,"failureMessages":[],"meta":{}},{"ancestorTitles":["Draft System Integration Scenarios","User Workflow Simulations"],"fullName":"Draft System Integration Scenarios User Workflow Simulations should simulate: User changes label during drafting","status":"failed","title":"should simulate: User changes label during drafting","duration":0.8571619999997893,"failureMessages":["AssertionError: expected { id: 'draft-1758639785459', …(5) } to deeply equal { Object (label, start, ...) }\n    at /home/admin/dev/lx-annotate/frontend/tests/stores/videoStore.test.ts:420:34\n    at file:///home/admin/dev/lx-annotate/frontend/node_modules/@vitest/runner/dist/chunk-hooks.js:155:11\n    at file:///home/admin/dev/lx-annotate/frontend/node_modules/@vitest/runner/dist/chunk-hooks.js:752:26\n    at file:///home/admin/dev/lx-annotate/frontend/node_modules/@vitest/runner/dist/chunk-hooks.js:1897:20\n    at new Promise (<anonymous>)\n    at runWithTimeout (file:///home/admin/dev/lx-annotate/frontend/node_modules/@vitest/runner/dist/chunk-hooks.js:1863:10)\n    at runTest (file:///home/admin/dev/lx-annotate/frontend/node_modules/@vitest/runner/dist/chunk-hooks.js:1574:12)\n    at runSuite (file:///home/admin/dev/lx-annotate/frontend/node_modules/@vitest/runner/dist/chunk-hooks.js:1729:8)\n    at runSuite (file:///home/admin/dev/lx-annotate/frontend/node_modules/@vitest/runner/dist/chunk-hooks.js:1729:8)\n    at runSuite (file:///home/admin/dev/lx-annotate/frontend/node_modules/@vitest/runner/dist/chunk-hooks.js:1729:8)"],"meta":{}},{"ancestorTitles":["Draft System Integration Scenarios","Error Recovery Scenarios"],"fullName":"Draft System Integration Scenarios Error Recovery Scenarios should allow retry after network error","status":"failed","title":"should allow retry after network error","duration":0.8197879999997895,"failureMessages":["AssertionError: expected null to be truthy\n    at /home/admin/dev/lx-annotate/frontend/tests/stores/videoStore.test.ts:452:28\n    at file:///home/admin/dev/lx-annotate/frontend/node_modules/@vitest/runner/dist/chunk-hooks.js:752:20"],"meta":{}}],"startTime":1758639785446,"endTime":1758639785460.8198,"status":"failed","message":"","name":"/home/admin/dev/lx-annotate/frontend/tests/stores/videoStore.test.ts"},{"assertionResults":[{"ancestorTitles":["VideoStore - Frame to Time Conversion","Helper Functions"],"fullName":"VideoStore - Frame to Time Conversion Helper Functions should convert frames to seconds correctly","status":"passed","title":"should convert frames to seconds correctly","duration":0.19954899999993359,"failureMessages":[],"meta":{}},{"ancestorTitles":["VideoStore - Frame to Time Conversion","Helper Functions"],"fullName":"VideoStore - Frame to Time Conversion Helper Functions should convert seconds to frames correctly","status":"passed","title":"should convert seconds to frames correctly","duration":0.1202579999999216,"failureMessages":[],"meta":{}},{"ancestorTitles":["VideoStore - Frame to Time Conversion","Helper Functions"],"fullName":"VideoStore - Frame to Time Conversion Helper Functions should handle invalid inputs safely","status":"passed","title":"should handle invalid inputs safely","duration":0.12349700000004304,"failureMessages":[],"meta":{}},{"ancestorTitles":["VideoStore - Frame to Time Conversion","Helper Functions"],"fullName":"VideoStore - Frame to Time Conversion Helper Functions should safely convert time values","status":"passed","title":"should safely convert time values","duration":0.13962599999968006,"failureMessages":[],"meta":{}},{"ancestorTitles":["VideoStore - Frame to Time Conversion","VideoStore Integration"],"fullName":"VideoStore - Frame to Time Conversion VideoStore Integration should process segments with correct time conversion","status":"passed","title":"should process segments with correct time conversion","duration":0.6955130000001191,"failureMessages":[],"meta":{}},{"ancestorTitles":["VideoStore - Frame to Time Conversion","VideoStore Integration"],"fullName":"VideoStore - Frame to Time Conversion VideoStore Integration should calculate correct timeline width percentages","status":"passed","title":"should calculate correct timeline width percentages","duration":0.11143599999968501,"failureMessages":[],"meta":{}},{"ancestorTitles":["VideoStore - Frame to Time Conversion","VideoStore Integration"],"fullName":"VideoStore - Frame to Time Conversion VideoStore Integration should handle edge cases in segment processing","status":"passed","title":"should handle edge cases in segment processing","duration":0.10618699999986347,"failureMessages":[],"meta":{}},{"ancestorTitles":["VideoStore - Frame to Time Conversion","Timeline Display Calculations"],"fullName":"VideoStore - Frame to Time Conversion Timeline Display Calculations should calculate segment width correctly for 10-second video","status":"passed","title":"should calculate segment width correctly for 10-second video","duration":0.06101699999999255,"failureMessages":[],"meta":{}},{"ancestorTitles":["VideoStore - Frame to Time Conversion","Timeline Display Calculations"],"fullName":"VideoStore - Frame to Time Conversion Timeline Display Calculations should handle segments converted from frames correctly","status":"passed","title":"should handle segments converted from frames correctly","duration":0.13532100000020364,"failureMessages":[],"meta":{}}],"startTime":1758639785541,"endTime":1758639785543.1353,"status":"passed","message":"","name":"/home/admin/dev/lx-annotate/frontend/tests/stores/videoStore2.test.ts"},{"assertionResults":[],"startTime":1758639783658,"endTime":1758639783658,"status":"failed","message":"Failed to resolve import \"../DraftIndicator.vue\" from \"src/components/__tests__/DraftIndicator.test.js\". Does the file exist?","name":"/home/admin/dev/lx-annotate/frontend/src/components/__tests__/DraftIndicator.test.js"},{"assertionResults":[],"startTime":1758639783658,"endTime":1758639783658,"status":"failed","message":"Failed to resolve import \"../DraftIndicator.vue\" from \"src/components/__tests__/DraftIndicator.test.ts\". Does the file exist?","name":"/home/admin/dev/lx-annotate/frontend/src/components/__tests__/DraftIndicator.test.ts"},{"assertionResults":[],"startTime":1758639783658,"endTime":1758639783658,"status":"failed","message":"Failed to resolve import \"../DraftManager.vue\" from \"src/components/__tests__/DraftManager.test.js\". Does the file exist?","name":"/home/admin/dev/lx-annotate/frontend/src/components/__tests__/DraftManager.test.js"},{"assertionResults":[],"startTime":1758639783658,"endTime":1758639783658,"status":"failed","message":"Failed to resolve import \"../DraftManager.vue\" from \"src/components/__tests__/DraftManager.test.ts\". Does the file exist?","name":"/home/admin/dev/lx-annotate/frontend/src/components/__tests__/DraftManager.test.ts"},{"assertionResults":[],"startTime":1758639783658,"endTime":1758639783658,"status":"failed","message":"Failed to resolve import \"../DraftIndicator.vue\" from \"src/components/__tests__/DraftSystemIntegration.test.js\". Does the file exist?","name":"/home/admin/dev/lx-annotate/frontend/src/components/__tests__/DraftSystemIntegration.test.js"},{"assertionResults":[],"startTime":1758639783658,"endTime":1758639783658,"status":"failed","message":"Failed to resolve import \"../DraftIndicator.vue\" from \"src/components/__tests__/DraftSystemIntegration.test.ts\". Does the file exist?","name":"/home/admin/dev/lx-annotate/frontend/src/components/__tests__/DraftSystemIntegration.test.ts"},{"assertionResults":[{"ancestorTitles":["timeUtils","formatTime"],"fullName":"timeUtils formatTime should format seconds to MM:SS format","status":"passed","title":"should format seconds to MM:SS format","duration":0.22213200000032884,"failureMessages":[],"meta":{}},{"ancestorTitles":["timeUtils","formatTime"],"fullName":"timeUtils formatTime should handle decimal seconds","status":"passed","title":"should handle decimal seconds","duration":0.059949999999844295,"failureMessages":[],"meta":{}},{"ancestorTitles":["timeUtils","formatTime"],"fullName":"timeUtils formatTime should handle edge cases","status":"passed","title":"should handle edge cases","duration":0.0699400000003152,"failureMessages":[],"meta":{}},{"ancestorTitles":["timeUtils","parseTime"],"fullName":"timeUtils parseTime should parse MM:SS format to seconds","status":"passed","title":"should parse MM:SS format to seconds","duration":0.11651100000017323,"failureMessages":[],"meta":{}},{"ancestorTitles":["timeUtils","parseTime"],"fullName":"timeUtils parseTime should handle single digit inputs","status":"passed","title":"should handle single digit inputs","duration":0.042938000000049215,"failureMessages":[],"meta":{}},{"ancestorTitles":["timeUtils","parseTime"],"fullName":"timeUtils parseTime should return null for invalid formats","status":"passed","title":"should return null for invalid formats","duration":0.08319899999969493,"failureMessages":[],"meta":{}},{"ancestorTitles":["timeUtils","isValidTimeRange"],"fullName":"timeUtils isValidTimeRange should validate time ranges","status":"passed","title":"should validate time ranges","duration":0.09049099999992904,"failureMessages":[],"meta":{}},{"ancestorTitles":["timeUtils","isValidTimeRange"],"fullName":"timeUtils isValidTimeRange should handle edge cases","status":"passed","title":"should handle edge cases","duration":0.07548499999984415,"failureMessages":[],"meta":{}},{"ancestorTitles":["timeUtils","calculateDuration"],"fullName":"timeUtils calculateDuration should calculate duration between two times","status":"passed","title":"should calculate duration between two times","duration":0.07042199999978038,"failureMessages":[],"meta":{}},{"ancestorTitles":["timeUtils","calculateDuration"],"fullName":"timeUtils calculateDuration should handle decimal times","status":"passed","title":"should handle decimal times","duration":0.040151000000150816,"failureMessages":[],"meta":{}},{"ancestorTitles":["timeUtils","calculateDuration"],"fullName":"timeUtils calculateDuration should return 0 for invalid ranges","status":"passed","title":"should return 0 for invalid ranges","duration":0.0533980000000156,"failureMessages":[],"meta":{}}],"startTime":1758639785856,"endTime":1758639785857.1165,"status":"passed","message":"","name":"/home/admin/dev/lx-annotate/frontend/src/utils/__tests__/timeUtils.test.js"},{"assertionResults":[{"ancestorTitles":["timeUtils","formatTime"],"fullName":"timeUtils formatTime should format seconds to MM:SS format","status":"passed","title":"should format seconds to MM:SS format","duration":0.15102000000024418,"failureMessages":[],"meta":{}},{"ancestorTitles":["timeUtils","formatTime"],"fullName":"timeUtils formatTime should handle decimal seconds","status":"passed","title":"should handle decimal seconds","duration":0.050085000000308355,"failureMessages":[],"meta":{}},{"ancestorTitles":["timeUtils","formatTime"],"fullName":"timeUtils formatTime should handle edge cases","status":"passed","title":"should handle edge cases","duration":0.04958699999997407,"failureMessages":[],"meta":{}},{"ancestorTitles":["timeUtils","parseTime"],"fullName":"timeUtils parseTime should parse MM:SS format to seconds","status":"passed","title":"should parse MM:SS format to seconds","duration":0.07026499999983571,"failureMessages":[],"meta":{}},{"ancestorTitles":["timeUtils","parseTime"],"fullName":"timeUtils parseTime should handle single digit inputs","status":"passed","title":"should handle single digit inputs","duration":0.042515000000094005,"failureMessages":[],"meta":{}},{"ancestorTitles":["timeUtils","parseTime"],"fullName":"timeUtils parseTime should return null for invalid formats","status":"passed","title":"should return null for invalid formats","duration":0.05275300000039351,"failureMessages":[],"meta":{}},{"ancestorTitles":["timeUtils","isValidTimeRange"],"fullName":"timeUtils isValidTimeRange should validate time ranges","status":"passed","title":"should validate time ranges","duration":0.06332800000018324,"failureMessages":[],"meta":{}},{"ancestorTitles":["timeUtils","isValidTimeRange"],"fullName":"timeUtils isValidTimeRange should handle edge cases","status":"passed","title":"should handle edge cases","duration":0.06346800000028452,"failureMessages":[],"meta":{}},{"ancestorTitles":["timeUtils","calculateDuration"],"fullName":"timeUtils calculateDuration should calculate duration between two times","status":"passed","title":"should calculate duration between two times","duration":0.04689199999984339,"failureMessages":[],"meta":{}},{"ancestorTitles":["timeUtils","calculateDuration"],"fullName":"timeUtils calculateDuration should handle decimal times","status":"passed","title":"should handle decimal times","duration":0.03537000000005719,"failureMessages":[],"meta":{}},{"ancestorTitles":["timeUtils","calculateDuration"],"fullName":"timeUtils calculateDuration should return 0 for invalid ranges","status":"passed","title":"should return 0 for invalid ranges","duration":0.04758300000003146,"failureMessages":[],"meta":{}}],"startTime":1758639785875,"endTime":1758639785876.0476,"status":"passed","message":"","name":"/home/admin/dev/lx-annotate/frontend/src/utils/__tests__/timeUtils.test.ts"},{"assertionResults":[{"ancestorTitles":["Draft Store"],"fullName":"Draft Store should initialize with empty state","status":"passed","title":"should initialize with empty state","duration":0.7258420000002843,"failureMessages":[],"meta":{}},{"ancestorTitles":["Draft Store"],"fullName":"Draft Store should save draft annotation","status":"passed","title":"should save draft annotation","duration":1.0115850000001956,"failureMessages":[],"meta":{}},{"ancestorTitles":["Draft Store"],"fullName":"Draft Store should get drafts for video","status":"passed","title":"should get drafts for video","duration":0.8066599999997379,"failureMessages":[],"meta":{}},{"ancestorTitles":["Draft Store"],"fullName":"Draft Store should remove draft annotation","status":"passed","title":"should remove draft annotation","duration":0.5171319999999469,"failureMessages":[],"meta":{}},{"ancestorTitles":["Draft Store"],"fullName":"Draft Store should clear all drafts for video","status":"passed","title":"should clear all drafts for video","duration":0.6226710000000821,"failureMessages":[],"meta":{}},{"ancestorTitles":["Draft Store"],"fullName":"Draft Store should clear all drafts","status":"passed","title":"should clear all drafts","duration":0.6479260000000977,"failureMessages":[],"meta":{}},{"ancestorTitles":["Draft Store"],"fullName":"Draft Store should persist drafts to localStorage","status":"failed","title":"should persist drafts to localStorage","duration":1.206721000000016,"failureMessages":["AssertionError: expected \"setItem\" to be called with arguments: [ 'lx-annotate-drafts', …(1) ]\u001b[90m\n\nNumber of calls: \u001b[1m0\u001b[22m\n\u001b[39m\n    at Proxy.<anonymous> (file:///home/admin/dev/lx-annotate/frontend/node_modules/@vitest/expect/dist/index.js:1355:10)\n    at Proxy.<anonymous> (file:///home/admin/dev/lx-annotate/frontend/node_modules/@vitest/expect/dist/index.js:1029:14)\n    at Proxy.methodWrapper (file:///home/admin/dev/lx-annotate/frontend/node_modules/chai/index.js:1686:25)\n    at /home/admin/dev/lx-annotate/frontend/src/stores/__tests__/draft.test.js:138:29\n    at file:///home/admin/dev/lx-annotate/frontend/node_modules/@vitest/runner/dist/chunk-hooks.js:155:11\n    at file:///home/admin/dev/lx-annotate/frontend/node_modules/@vitest/runner/dist/chunk-hooks.js:752:26\n    at file:///home/admin/dev/lx-annotate/frontend/node_modules/@vitest/runner/dist/chunk-hooks.js:1897:20\n    at new Promise (<anonymous>)\n    at runWithTimeout (file:///home/admin/dev/lx-annotate/frontend/node_modules/@vitest/runner/dist/chunk-hooks.js:1863:10)\n    at runTest (file:///home/admin/dev/lx-annotate/frontend/node_modules/@vitest/runner/dist/chunk-hooks.js:1574:12)"],"meta":{}},{"ancestorTitles":["Draft Store"],"fullName":"Draft Store should load drafts from localStorage","status":"failed","title":"should load drafts from localStorage","duration":0.6160589999999502,"failureMessages":["AssertionError: expected [] to have a length of 1 but got +0\n    at Proxy.<anonymous> (file:///home/admin/dev/lx-annotate/frontend/node_modules/@vitest/expect/dist/index.js:1257:20)\n    at Proxy.<anonymous> (file:///home/admin/dev/lx-annotate/frontend/node_modules/@vitest/expect/dist/index.js:1029:14)\n    at Proxy.methodWrapper (file:///home/admin/dev/lx-annotate/frontend/node_modules/chai/index.js:1686:25)\n    at /home/admin/dev/lx-annotate/frontend/src/stores/__tests__/draft.test.js:159:50\n    at file:///home/admin/dev/lx-annotate/frontend/node_modules/@vitest/runner/dist/chunk-hooks.js:155:11\n    at file:///home/admin/dev/lx-annotate/frontend/node_modules/@vitest/runner/dist/chunk-hooks.js:752:26\n    at file:///home/admin/dev/lx-annotate/frontend/node_modules/@vitest/runner/dist/chunk-hooks.js:1897:20\n    at new Promise (<anonymous>)\n    at runWithTimeout (file:///home/admin/dev/lx-annotate/frontend/node_modules/@vitest/runner/dist/chunk-hooks.js:1863:10)\n    at runTest (file:///home/admin/dev/lx-annotate/frontend/node_modules/@vitest/runner/dist/chunk-hooks.js:1574:12)"],"meta":{}},{"ancestorTitles":["Draft Store"],"fullName":"Draft Store should update existing draft annotation","status":"passed","title":"should update existing draft annotation","duration":0.4724530000003142,"failureMessages":[],"meta":{}},{"ancestorTitles":["Draft Store"],"fullName":"Draft Store should handle empty localStorage gracefully","status":"passed","title":"should handle empty localStorage gracefully","duration":0.2719919999999547,"failureMessages":[],"meta":{}},{"ancestorTitles":["Draft Store"],"fullName":"Draft Store should handle corrupted localStorage data","status":"passed","title":"should handle corrupted localStorage data","duration":0.2526469999997971,"failureMessages":[],"meta":{}},{"ancestorTitles":["Draft Store","Draft Segment Management"],"fullName":"Draft Store Draft Segment Management should start a draft segment","status":"passed","title":"should start a draft segment","duration":0.2891450000001896,"failureMessages":[],"meta":{}},{"ancestorTitles":["Draft Store","Draft Segment Management"],"fullName":"Draft Store Draft Segment Management should update draft end time","status":"passed","title":"should update draft end time","duration":0.2857450000001336,"failureMessages":[],"meta":{}},{"ancestorTitles":["Draft Store","Draft Segment Management"],"fullName":"Draft Store Draft Segment Management should cancel draft","status":"passed","title":"should cancel draft","duration":0.3284960000000865,"failureMessages":[],"meta":{}}],"startTime":1758639785520,"endTime":1758639785528.3286,"status":"failed","message":"","name":"/home/admin/dev/lx-annotate/frontend/src/stores/__tests__/draft.test.js"},{"assertionResults":[{"ancestorTitles":["Draft Store"],"fullName":"Draft Store should initialize with empty state","status":"passed","title":"should initialize with empty state","duration":0.5422779999998966,"failureMessages":[],"meta":{}},{"ancestorTitles":["Draft Store"],"fullName":"Draft Store should save draft annotation","status":"passed","title":"should save draft annotation","duration":0.48150799999984883,"failureMessages":[],"meta":{}},{"ancestorTitles":["Draft Store"],"fullName":"Draft Store should get drafts for video","status":"passed","title":"should get drafts for video","duration":0.4825730000002295,"failureMessages":[],"meta":{}},{"ancestorTitles":["Draft Store"],"fullName":"Draft Store should remove draft annotation","status":"passed","title":"should remove draft annotation","duration":0.37670299999990675,"failureMessages":[],"meta":{}},{"ancestorTitles":["Draft Store"],"fullName":"Draft Store should clear all drafts for video","status":"passed","title":"should clear all drafts for video","duration":0.4080380000000332,"failureMessages":[],"meta":{}},{"ancestorTitles":["Draft Store"],"fullName":"Draft Store should clear all drafts","status":"passed","title":"should clear all drafts","duration":0.5297590000000127,"failureMessages":[],"meta":{}},{"ancestorTitles":["Draft Store"],"fullName":"Draft Store should persist drafts to localStorage","status":"failed","title":"should persist drafts to localStorage","duration":0.8558049999996911,"failureMessages":["AssertionError: expected \"setItem\" to be called with arguments: [ 'lx-annotate-drafts', …(1) ]\u001b[90m\n\nNumber of calls: \u001b[1m0\u001b[22m\n\u001b[39m\n    at Proxy.<anonymous> (file:///home/admin/dev/lx-annotate/frontend/node_modules/@vitest/expect/dist/index.js:1355:10)\n    at Proxy.<anonymous> (file:///home/admin/dev/lx-annotate/frontend/node_modules/@vitest/expect/dist/index.js:1029:14)\n    at Proxy.methodWrapper (file:///home/admin/dev/lx-annotate/frontend/node_modules/chai/index.js:1686:25)\n    at /home/admin/dev/lx-annotate/frontend/src/stores/__tests__/draft.test.ts:168:25\n    at file:///home/admin/dev/lx-annotate/frontend/node_modules/@vitest/runner/dist/chunk-hooks.js:155:11\n    at file:///home/admin/dev/lx-annotate/frontend/node_modules/@vitest/runner/dist/chunk-hooks.js:752:26\n    at file:///home/admin/dev/lx-annotate/frontend/node_modules/@vitest/runner/dist/chunk-hooks.js:1897:20\n    at new Promise (<anonymous>)\n    at runWithTimeout (file:///home/admin/dev/lx-annotate/frontend/node_modules/@vitest/runner/dist/chunk-hooks.js:1863:10)\n    at runTest (file:///home/admin/dev/lx-annotate/frontend/node_modules/@vitest/runner/dist/chunk-hooks.js:1574:12)"],"meta":{}},{"ancestorTitles":["Draft Store"],"fullName":"Draft Store should load drafts from localStorage","status":"failed","title":"should load drafts from localStorage","duration":0.6019460000002255,"failureMessages":["AssertionError: expected [] to have a length of 1 but got +0\n    at Proxy.<anonymous> (file:///home/admin/dev/lx-annotate/frontend/node_modules/@vitest/expect/dist/index.js:1257:20)\n    at Proxy.<anonymous> (file:///home/admin/dev/lx-annotate/frontend/node_modules/@vitest/expect/dist/index.js:1029:14)\n    at Proxy.methodWrapper (file:///home/admin/dev/lx-annotate/frontend/node_modules/chai/index.js:1686:25)\n    at /home/admin/dev/lx-annotate/frontend/src/stores/__tests__/draft.test.ts:197:46\n    at file:///home/admin/dev/lx-annotate/frontend/node_modules/@vitest/runner/dist/chunk-hooks.js:155:11\n    at file:///home/admin/dev/lx-annotate/frontend/node_modules/@vitest/runner/dist/chunk-hooks.js:752:26\n    at file:///home/admin/dev/lx-annotate/frontend/node_modules/@vitest/runner/dist/chunk-hooks.js:1897:20\n    at new Promise (<anonymous>)\n    at runWithTimeout (file:///home/admin/dev/lx-annotate/frontend/node_modules/@vitest/runner/dist/chunk-hooks.js:1863:10)\n    at runTest (file:///home/admin/dev/lx-annotate/frontend/node_modules/@vitest/runner/dist/chunk-hooks.js:1574:12)"],"meta":{}},{"ancestorTitles":["Draft Store"],"fullName":"Draft Store should update existing draft annotation","status":"passed","title":"should update existing draft annotation","duration":0.4397429999999076,"failureMessages":[],"meta":{}},{"ancestorTitles":["Draft Store"],"fullName":"Draft Store should handle empty localStorage gracefully","status":"passed","title":"should handle empty localStorage gracefully","duration":0.3143069999996442,"failureMessages":[],"meta":{}},{"ancestorTitles":["Draft Store"],"fullName":"Draft Store should handle corrupted localStorage data","status":"passed","title":"should handle corrupted localStorage data","duration":0.2822590000000673,"failureMessages":[],"meta":{}},{"ancestorTitles":["Draft Store","Draft Segment Management"],"fullName":"Draft Store Draft Segment Management should start a draft segment","status":"passed","title":"should start a draft segment","duration":0.31211800000028234,"failureMessages":[],"meta":{}},{"ancestorTitles":["Draft Store","Draft Segment Management"],"fullName":"Draft Store Draft Segment Management should update draft end time","status":"passed","title":"should update draft end time","duration":0.2871470000000045,"failureMessages":[],"meta":{}},{"ancestorTitles":["Draft Store","Draft Segment Management"],"fullName":"Draft Store Draft Segment Management should cancel draft","status":"passed","title":"should cancel draft","duration":0.2547660000000178,"failureMessages":[],"meta":{}}],"startTime":1758639785593,"endTime":1758639785599.287,"status":"failed","message":"","name":"/home/admin/dev/lx-annotate/frontend/src/stores/__tests__/draft.test.ts"},{"assertionResults":[{"ancestorTitles":["VideoStore","Draft Creation and Management"],"fullName":"VideoStore Draft Creation and Management should start a draft with correct initial values","status":"failed","title":"should start a draft with correct initial values","duration":3.9040259999999307,"failureMessages":["AssertionError: expected { id: 'draft-1758639785262', …(5) } to deeply equal { label: 'polyp', start: 10.5, …(1) }\n    at /home/admin/dev/lx-annotate/frontend/src/stores/__tests__/videoStore.test.js:26:40\n    at file:///home/admin/dev/lx-annotate/frontend/node_modules/@vitest/runner/dist/chunk-hooks.js:155:11\n    at file:///home/admin/dev/lx-annotate/frontend/node_modules/@vitest/runner/dist/chunk-hooks.js:752:26\n    at file:///home/admin/dev/lx-annotate/frontend/node_modules/@vitest/runner/dist/chunk-hooks.js:1897:20\n    at new Promise (<anonymous>)\n    at runWithTimeout (file:///home/admin/dev/lx-annotate/frontend/node_modules/@vitest/runner/dist/chunk-hooks.js:1863:10)\n    at runTest (file:///home/admin/dev/lx-annotate/frontend/node_modules/@vitest/runner/dist/chunk-hooks.js:1574:12)\n    at runSuite (file:///home/admin/dev/lx-annotate/frontend/node_modules/@vitest/runner/dist/chunk-hooks.js:1729:8)\n    at runSuite (file:///home/admin/dev/lx-annotate/frontend/node_modules/@vitest/runner/dist/chunk-hooks.js:1729:8)\n    at runSuite (file:///home/admin/dev/lx-annotate/frontend/node_modules/@vitest/runner/dist/chunk-hooks.js:1729:8)"],"meta":{}},{"ancestorTitles":["VideoStore","Draft Creation and Management"],"fullName":"VideoStore Draft Creation and Management should update draft end time","status":"failed","title":"should update draft end time","duration":1.4593150000000605,"failureMessages":["AssertionError: expected { id: 'draft-1758639785265', …(5) } to deeply equal { Object (label, start, ...) }\n    at /home/admin/dev/lx-annotate/frontend/src/stores/__tests__/videoStore.test.js:38:40\n    at file:///home/admin/dev/lx-annotate/frontend/node_modules/@vitest/runner/dist/chunk-hooks.js:155:11\n    at file:///home/admin/dev/lx-annotate/frontend/node_modules/@vitest/runner/dist/chunk-hooks.js:752:26\n    at file:///home/admin/dev/lx-annotate/frontend/node_modules/@vitest/runner/dist/chunk-hooks.js:1897:20\n    at new Promise (<anonymous>)\n    at runWithTimeout (file:///home/admin/dev/lx-annotate/frontend/node_modules/@vitest/runner/dist/chunk-hooks.js:1863:10)\n    at runTest (file:///home/admin/dev/lx-annotate/frontend/node_modules/@vitest/runner/dist/chunk-hooks.js:1574:12)\n    at runSuite (file:///home/admin/dev/lx-annotate/frontend/node_modules/@vitest/runner/dist/chunk-hooks.js:1729:8)\n    at runSuite (file:///home/admin/dev/lx-annotate/frontend/node_modules/@vitest/runner/dist/chunk-hooks.js:1729:8)\n    at runSuite (file:///home/admin/dev/lx-annotate/frontend/node_modules/@vitest/runner/dist/chunk-hooks.js:1729:8)"],"meta":{}},{"ancestorTitles":["VideoStore","Draft Creation and Management"],"fullName":"VideoStore Draft Creation and Management should not update end time if no draft exists","status":"passed","title":"should not update end time if no draft exists","duration":0.6121560000001409,"failureMessages":[],"meta":{}},{"ancestorTitles":["VideoStore","Draft Creation and Management"],"fullName":"VideoStore Draft Creation and Management should cancel draft and reset to null","status":"passed","title":"should cancel draft and reset to null","duration":0.5097589999998036,"failureMessages":[],"meta":{}},{"ancestorTitles":["VideoStore","Draft Creation and Management"],"fullName":"VideoStore Draft Creation and Management should replace existing draft when starting new one","status":"failed","title":"should replace existing draft when starting new one","duration":1.0536509999999453,"failureMessages":["AssertionError: expected { id: 'draft-1758639785267', …(5) } to deeply equal { Object (label, start, ...) }\n    at /home/admin/dev/lx-annotate/frontend/src/stores/__tests__/videoStore.test.js:66:40\n    at file:///home/admin/dev/lx-annotate/frontend/node_modules/@vitest/runner/dist/chunk-hooks.js:155:11\n    at file:///home/admin/dev/lx-annotate/frontend/node_modules/@vitest/runner/dist/chunk-hooks.js:752:26\n    at file:///home/admin/dev/lx-annotate/frontend/node_modules/@vitest/runner/dist/chunk-hooks.js:1897:20\n    at new Promise (<anonymous>)\n    at runWithTimeout (file:///home/admin/dev/lx-annotate/frontend/node_modules/@vitest/runner/dist/chunk-hooks.js:1863:10)\n    at runTest (file:///home/admin/dev/lx-annotate/frontend/node_modules/@vitest/runner/dist/chunk-hooks.js:1574:12)\n    at runSuite (file:///home/admin/dev/lx-annotate/frontend/node_modules/@vitest/runner/dist/chunk-hooks.js:1729:8)\n    at runSuite (file:///home/admin/dev/lx-annotate/frontend/node_modules/@vitest/runner/dist/chunk-hooks.js:1729:8)\n    at runSuite (file:///home/admin/dev/lx-annotate/frontend/node_modules/@vitest/runner/dist/chunk-hooks.js:1729:8)"],"meta":{}},{"ancestorTitles":["VideoStore","Draft Commit Process"],"fullName":"VideoStore Draft Commit Process should successfully commit a complete draft","status":"failed","title":"should successfully commit a complete draft","duration":0.9189559999999801,"failureMessages":["AssertionError: expected \"spy\" to be called with arguments: [ '/api/media/videos/segments/', …(1) ]\u001b[90m\n\nNumber of calls: \u001b[1m0\u001b[22m\n\u001b[39m\n    at Proxy.<anonymous> (file:///home/admin/dev/lx-annotate/frontend/node_modules/@vitest/expect/dist/index.js:1355:10)\n    at Proxy.<anonymous> (file:///home/admin/dev/lx-annotate/frontend/node_modules/@vitest/expect/dist/index.js:1029:14)\n    at Proxy.methodWrapper (file:///home/admin/dev/lx-annotate/frontend/node_modules/chai/index.js:1686:25)\n    at /home/admin/dev/lx-annotate/frontend/src/stores/__tests__/videoStore.test.js:90:51\n    at file:///home/admin/dev/lx-annotate/frontend/node_modules/@vitest/runner/dist/chunk-hooks.js:752:20"],"meta":{}},{"ancestorTitles":["VideoStore","Draft Commit Process"],"fullName":"VideoStore Draft Commit Process should return null if draft is incomplete (no end time)","status":"failed","title":"should return null if draft is incomplete (no end time)","duration":0.9035859999999047,"failureMessages":["AssertionError: expected { id: 'draft-1758639785269', …(5) } to deeply equal { label: 'polyp', start: 10.5, …(1) }\n    at /home/admin/dev/lx-annotate/frontend/src/stores/__tests__/videoStore.test.js:118:40\n    at file:///home/admin/dev/lx-annotate/frontend/node_modules/@vitest/runner/dist/chunk-hooks.js:752:20"],"meta":{}},{"ancestorTitles":["VideoStore","Draft Commit Process"],"fullName":"VideoStore Draft Commit Process should return null if no draft exists","status":"passed","title":"should return null if no draft exists","duration":0.41014099999983955,"failureMessages":[],"meta":{}},{"ancestorTitles":["VideoStore","Draft Commit Process"],"fullName":"VideoStore Draft Commit Process should return null if no current video","status":"passed","title":"should return null if no current video","duration":0.7220279999999093,"failureMessages":[],"meta":{}},{"ancestorTitles":["VideoStore","Draft Commit Process"],"fullName":"VideoStore Draft Commit Process should handle API errors gracefully","status":"failed","title":"should handle API errors gracefully","duration":0.8888959999999315,"failureMessages":["AssertionError: expected '' to be 'Error creating segment. Please try ag…' // Object.is equality\n    at /home/admin/dev/lx-annotate/frontend/src/stores/__tests__/videoStore.test.js:155:40\n    at file:///home/admin/dev/lx-annotate/frontend/node_modules/@vitest/runner/dist/chunk-hooks.js:752:20"],"meta":{}},{"ancestorTitles":["VideoStore","Draft Commit Process"],"fullName":"VideoStore Draft Commit Process should create new label group if it doesn't exist","status":"failed","title":"should create new label group if it doesn't exist","duration":0.6616070000000036,"failureMessages":["AssertionError: expected undefined to be defined\n    at /home/admin/dev/lx-annotate/frontend/src/stores/__tests__/videoStore.test.js:179:53\n    at file:///home/admin/dev/lx-annotate/frontend/node_modules/@vitest/runner/dist/chunk-hooks.js:752:20"],"meta":{}},{"ancestorTitles":["VideoStore","Integration with Translation System"],"fullName":"VideoStore Integration with Translation System should use correct translated label display names","status":"failed","title":"should use correct translated label display names","duration":0.6487819999999829,"failureMessages":["AssertionError: expected '' to be 'Polyp' // Object.is equality\n    at /home/admin/dev/lx-annotate/frontend/src/stores/__tests__/videoStore.test.js:196:71\n    at file:///home/admin/dev/lx-annotate/frontend/node_modules/@vitest/runner/dist/chunk-hooks.js:752:20"],"meta":{}},{"ancestorTitles":["VideoStore","Integration with Translation System"],"fullName":"VideoStore Integration with Translation System should handle unknown labels gracefully","status":"failed","title":"should handle unknown labels gracefully","duration":0.5976849999999558,"failureMessages":["AssertionError: expected undefined to be 'unknown_label' // Object.is equality\n    at /home/admin/dev/lx-annotate/frontend/src/stores/__tests__/videoStore.test.js:209:35\n    at file:///home/admin/dev/lx-annotate/frontend/node_modules/@vitest/runner/dist/chunk-hooks.js:752:20"],"meta":{}},{"ancestorTitles":["VideoStore","Frame Calculation"],"fullName":"VideoStore Frame Calculation should calculate frame numbers correctly with 30 FPS","status":"failed","title":"should calculate frame numbers correctly with 30 FPS","duration":0.6003640000001269,"failureMessages":["AssertionError: expected undefined to be 165 // Object.is equality\n    at /home/admin/dev/lx-annotate/frontend/src/stores/__tests__/videoStore.test.js:224:46\n    at file:///home/admin/dev/lx-annotate/frontend/node_modules/@vitest/runner/dist/chunk-hooks.js:752:20"],"meta":{}},{"ancestorTitles":["VideoStore","Edge Cases and Validation"],"fullName":"VideoStore Edge Cases and Validation should handle zero start time","status":"failed","title":"should handle zero start time","duration":0.5213859999998931,"failureMessages":["AssertionError: expected undefined to be +0 // Object.is equality\n    at /home/admin/dev/lx-annotate/frontend/src/stores/__tests__/videoStore.test.js:240:39\n    at file:///home/admin/dev/lx-annotate/frontend/node_modules/@vitest/runner/dist/chunk-hooks.js:752:20"],"meta":{}},{"ancestorTitles":["VideoStore","Edge Cases and Validation"],"fullName":"VideoStore Edge Cases and Validation should handle very short segments","status":"failed","title":"should handle very short segments","duration":0.5643300000001545,"failureMessages":["AssertionError: expected NaN to be 0.1 // Object.is equality\n    at /home/admin/dev/lx-annotate/frontend/src/stores/__tests__/videoStore.test.js:254:57\n    at file:///home/admin/dev/lx-annotate/frontend/node_modules/@vitest/runner/dist/chunk-hooks.js:752:20"],"meta":{}},{"ancestorTitles":["VideoStore","Edge Cases and Validation"],"fullName":"VideoStore Edge Cases and Validation should handle decimal precision correctly","status":"failed","title":"should handle decimal precision correctly","duration":0.5279659999998785,"failureMessages":["AssertionError: expected undefined to be 310 // Object.is equality\n    at /home/admin/dev/lx-annotate/frontend/src/stores/__tests__/videoStore.test.js:267:46\n    at file:///home/admin/dev/lx-annotate/frontend/node_modules/@vitest/runner/dist/chunk-hooks.js:752:20"],"meta":{}},{"ancestorTitles":["Draft System Integration Scenarios","User Workflow Simulations"],"fullName":"Draft System Integration Scenarios User Workflow Simulations should simulate: Label selection → Button workflow","status":"failed","title":"should simulate: Label selection → Button workflow","duration":0.6302299999999832,"failureMessages":["AssertionError: expected null to be truthy\n    at /home/admin/dev/lx-annotate/frontend/src/stores/__tests__/videoStore.test.js:307:28\n    at file:///home/admin/dev/lx-annotate/frontend/node_modules/@vitest/runner/dist/chunk-hooks.js:752:20"],"meta":{}},{"ancestorTitles":["Draft System Integration Scenarios","User Workflow Simulations"],"fullName":"Draft System Integration Scenarios User Workflow Simulations should simulate: Shift-click timeline workflow","status":"failed","title":"should simulate: Shift-click timeline workflow","duration":0.46892700000012155,"failureMessages":["AssertionError: expected null to be truthy\n    at /home/admin/dev/lx-annotate/frontend/src/stores/__tests__/videoStore.test.js:322:28\n    at file:///home/admin/dev/lx-annotate/frontend/node_modules/@vitest/runner/dist/chunk-hooks.js:752:20"],"meta":{}},{"ancestorTitles":["Draft System Integration Scenarios","User Workflow Simulations"],"fullName":"Draft System Integration Scenarios User Workflow Simulations should simulate: User changes mind and cancels","status":"passed","title":"should simulate: User changes mind and cancels","duration":0.3671120000001338,"failureMessages":[],"meta":{}},{"ancestorTitles":["Draft System Integration Scenarios","User Workflow Simulations"],"fullName":"Draft System Integration Scenarios User Workflow Simulations should simulate: User changes label during drafting","status":"failed","title":"should simulate: User changes label during drafting","duration":0.7004449999999451,"failureMessages":["AssertionError: expected { id: 'draft-1758639785278', …(5) } to deeply equal { Object (label, start, ...) }\n    at /home/admin/dev/lx-annotate/frontend/src/stores/__tests__/videoStore.test.js:341:40\n    at file:///home/admin/dev/lx-annotate/frontend/node_modules/@vitest/runner/dist/chunk-hooks.js:155:11\n    at file:///home/admin/dev/lx-annotate/frontend/node_modules/@vitest/runner/dist/chunk-hooks.js:752:26\n    at file:///home/admin/dev/lx-annotate/frontend/node_modules/@vitest/runner/dist/chunk-hooks.js:1897:20\n    at new Promise (<anonymous>)\n    at runWithTimeout (file:///home/admin/dev/lx-annotate/frontend/node_modules/@vitest/runner/dist/chunk-hooks.js:1863:10)\n    at runTest (file:///home/admin/dev/lx-annotate/frontend/node_modules/@vitest/runner/dist/chunk-hooks.js:1574:12)\n    at runSuite (file:///home/admin/dev/lx-annotate/frontend/node_modules/@vitest/runner/dist/chunk-hooks.js:1729:8)\n    at runSuite (file:///home/admin/dev/lx-annotate/frontend/node_modules/@vitest/runner/dist/chunk-hooks.js:1729:8)\n    at runSuite (file:///home/admin/dev/lx-annotate/frontend/node_modules/@vitest/runner/dist/chunk-hooks.js:1729:8)"],"meta":{}},{"ancestorTitles":["Draft System Integration Scenarios","Error Recovery Scenarios"],"fullName":"Draft System Integration Scenarios Error Recovery Scenarios should allow retry after network error","status":"failed","title":"should allow retry after network error","duration":0.601374000000078,"failureMessages":["AssertionError: expected null to be truthy\n    at /home/admin/dev/lx-annotate/frontend/src/stores/__tests__/videoStore.test.js:367:34\n    at file:///home/admin/dev/lx-annotate/frontend/node_modules/@vitest/runner/dist/chunk-hooks.js:752:20"],"meta":{}}],"startTime":1758639785260,"endTime":1758639785278.6013,"status":"failed","message":"","name":"/home/admin/dev/lx-annotate/frontend/src/stores/__tests__/videoStore.test.js"},{"assertionResults":[{"ancestorTitles":["VideoStore","Draft Creation and Management"],"fullName":"VideoStore Draft Creation and Management should start a draft with correct initial values","status":"failed","title":"should start a draft with correct initial values","duration":1.3269600000003265,"failureMessages":["AssertionError: expected { id: 'draft-1758639785475', …(5) } to deeply equal { label: 'polyp', start: 10.5, …(1) }\n    at /home/admin/dev/lx-annotate/frontend/src/stores/__tests__/videoStore.test.ts:32:34\n    at file:///home/admin/dev/lx-annotate/frontend/node_modules/@vitest/runner/dist/chunk-hooks.js:155:11\n    at file:///home/admin/dev/lx-annotate/frontend/node_modules/@vitest/runner/dist/chunk-hooks.js:752:26\n    at file:///home/admin/dev/lx-annotate/frontend/node_modules/@vitest/runner/dist/chunk-hooks.js:1897:20\n    at new Promise (<anonymous>)\n    at runWithTimeout (file:///home/admin/dev/lx-annotate/frontend/node_modules/@vitest/runner/dist/chunk-hooks.js:1863:10)\n    at runTest (file:///home/admin/dev/lx-annotate/frontend/node_modules/@vitest/runner/dist/chunk-hooks.js:1574:12)\n    at runSuite (file:///home/admin/dev/lx-annotate/frontend/node_modules/@vitest/runner/dist/chunk-hooks.js:1729:8)\n    at runSuite (file:///home/admin/dev/lx-annotate/frontend/node_modules/@vitest/runner/dist/chunk-hooks.js:1729:8)\n    at runSuite (file:///home/admin/dev/lx-annotate/frontend/node_modules/@vitest/runner/dist/chunk-hooks.js:1729:8)"],"meta":{}},{"ancestorTitles":["VideoStore","Draft Creation and Management"],"fullName":"VideoStore Draft Creation and Management should update draft end time","status":"failed","title":"should update draft end time","duration":0.8409740000001875,"failureMessages":["AssertionError: expected { id: 'draft-1758639785476', …(5) } to deeply equal { Object (label, start, ...) }\n    at /home/admin/dev/lx-annotate/frontend/src/stores/__tests__/videoStore.test.ts:47:34\n    at file:///home/admin/dev/lx-annotate/frontend/node_modules/@vitest/runner/dist/chunk-hooks.js:155:11\n    at file:///home/admin/dev/lx-annotate/frontend/node_modules/@vitest/runner/dist/chunk-hooks.js:752:26\n    at file:///home/admin/dev/lx-annotate/frontend/node_modules/@vitest/runner/dist/chunk-hooks.js:1897:20\n    at new Promise (<anonymous>)\n
[...]
components/RequirementReport/__tests__/RequirementGenerator.spec.ts:408:30\n    at file:///home/admin/dev/lx-annotate/frontend/node_modules/@vitest/runner/dist/chunk-hooks.js:752:20"],"meta":{}},{"ancestorTitles":["RequirementGenerator","Available findings rendering"],"fullName":"RequirementGenerator Available findings rendering should render FindingsDetail for each available finding","status":"failed","title":"should render FindingsDetail for each available finding","duration":2.8148889999999938,"failureMessages":["AssertionError: expected false to be true // Object.is equality\n    at /home/admin/dev/lx-annotate/frontend/src/components/RequirementReport/__tests__/RequirementGenerator.spec.ts:424:74\n    at file:///home/admin/dev/lx-annotate/frontend/node_modules/@vitest/runner/dist/chunk-hooks.js:752:20"],"meta":{}},{"ancestorTitles":["RequirementGenerator","AddableFindingsDetail finding-added event"],"fullName":"RequirementGenerator AddableFindingsDetail finding-added event should show success message and trigger evaluation when finding is added","status":"failed","title":"should show success message and trigger evaluation when finding is added","duration":2.8766669999999976,"failureMessages":["Error: Cannot call trigger on an empty DOMWrapper.\n    at Object.get (/home/admin/dev/lx-annotate/frontend/node_modules/@vue/test-utils/dist/vue-test-utils.cjs.js:1574:27)\n    at /home/admin/dev/lx-annotate/frontend/src/components/RequirementReport/__tests__/RequirementGenerator.spec.ts:442:30\n    at file:///home/admin/dev/lx-annotate/frontend/node_modules/@vitest/runner/dist/chunk-hooks.js:752:20"],"meta":{}},{"ancestorTitles":["RequirementGenerator","FindingsDetail classification-updated event"],"fullName":"RequirementGenerator FindingsDetail classification-updated event should show success message and trigger evaluation when classification is updated","status":"failed","title":"should show success message and trigger evaluation when classification is updated","duration":2.796536999999944,"failureMessages":["Error: Cannot call trigger on an empty DOMWrapper.\n    at Object.get (/home/admin/dev/lx-annotate/frontend/node_modules/@vue/test-utils/dist/vue-test-utils.cjs.js:1574:27)\n    at /home/admin/dev/lx-annotate/frontend/src/components/RequirementReport/__tests__/RequirementGenerator.spec.ts:467:26\n    at file:///home/admin/dev/lx-annotate/frontend/node_modules/@vitest/runner/dist/chunk-hooks.js:752:20"],"meta":{}},{"ancestorTitles":["RequirementGenerator","Requirement set toggle and recompute"],"fullName":"RequirementGenerator Requirement set toggle and recompute should patch lookup and trigger recompute when requirement set is toggled","status":"failed","title":"should patch lookup and trigger recompute when requirement set is toggled","duration":5.005403999999999,"failureMessages":["Error: Cannot call setValue on an empty DOMWrapper.\n    at Object.get (/home/admin/dev/lx-annotate/frontend/node_modules/@vue/test-utils/dist/vue-test-utils.cjs.js:1574:27)\n    at /home/admin/dev/lx-annotate/frontend/src/components/RequirementReport/__tests__/RequirementGenerator.spec.ts:494:22\n    at file:///home/admin/dev/lx-annotate/frontend/node_modules/@vitest/runner/dist/chunk-hooks.js:752:20"],"meta":{}},{"ancestorTitles":["RequirementGenerator","Evaluation actions"],"fullName":"RequirementGenerator Evaluation actions should evaluate all requirements when \"Alle evaluieren\" is clicked","status":"passed","title":"should evaluate all requirements when \"Alle evaluieren\" is clicked","duration":4.183964999999944,"failureMessages":[],"meta":{}},{"ancestorTitles":["RequirementGenerator","Evaluation actions"],"fullName":"RequirementGenerator Evaluation actions should evaluate specific requirement set","status":"failed","title":"should evaluate specific requirement set","duration":2.893466000000217,"failureMessages":["Error: Cannot call trigger on an empty DOMWrapper.\n    at Object.get (/home/admin/dev/lx-annotate/frontend/node_modules/@vue/test-utils/dist/vue-test-utils.cjs.js:1574:27)\n    at /home/admin/dev/lx-annotate/frontend/src/components/RequirementReport/__tests__/RequirementGenerator.spec.ts:530:28\n    at file:///home/admin/dev/lx-annotate/frontend/node_modules/@vitest/runner/dist/chunk-hooks.js:752:20"],"meta":{}},{"ancestorTitles":["RequirementGenerator","Evaluation summary progress bar"],"fullName":"RequirementGenerator Evaluation summary progress bar should display correct progress percentage","status":"failed","title":"should display correct progress percentage","duration":2.4344049999999697,"failureMessages":["AssertionError: expected '1. Patient und Untersuchung auswählen…' to contain '1 von 2 Sets evaluiert (50%)'\n    at /home/admin/dev/lx-annotate/frontend/src/components/RequirementReport/__tests__/RequirementGenerator.spec.ts:549:30\n    at file:///home/admin/dev/lx-annotate/frontend/node_modules/@vitest/runner/dist/chunk-hooks.js:752:20"],"meta":{}},{"ancestorTitles":["RequirementGenerator","Token validation on mount"],"fullName":"RequirementGenerator Token validation on mount should validate existing token and fetch data on mount","status":"passed","title":"should validate existing token and fetch data on mount","duration":2.6639699999998356,"failureMessages":[],"meta":{}},{"ancestorTitles":["RequirementGenerator","Token validation on mount"],"fullName":"RequirementGenerator Token validation on mount should handle token validation 404 and trigger restart","status":"passed","title":"should handle token validation 404 and trigger restart","duration":2.8273800000001756,"failureMessages":[],"meta":{}},{"ancestorTitles":["RequirementGenerator","Manual session management"],"fullName":"RequirementGenerator Manual session management should renew session manually","status":"failed","title":"should renew session manually","duration":4.046481000000085,"failureMessages":["AssertionError: expected \"spy\" to be called with arguments: [ …(2) ]\u001b[90m\n\nNumber of calls: \u001b[1m0\u001b[22m\n\u001b[39m\n    at Proxy.<anonymous> (file:///home/admin/dev/lx-annotate/frontend/node_modules/@vitest/expect/dist/index.js:1355:10)\n    at Proxy.<anonymous> (file:///home/admin/dev/lx-annotate/frontend/node_modules/@vitest/expect/dist/index.js:1029:14)\n    at Proxy.methodWrapper (file:///home/admin/dev/lx-annotate/frontend/node_modules/chai/index.js:1686:25)\n    at /home/admin/dev/lx-annotate/frontend/src/components/RequirementReport/__tests__/RequirementGenerator.spec.ts:599:35\n    at file:///home/admin/dev/lx-annotate/frontend/node_modules/@vitest/runner/dist/chunk-hooks.js:752:20"],"meta":{}},{"ancestorTitles":["RequirementGenerator","Manual session management"],"fullName":"RequirementGenerator Manual session management should reset session completely","status":"failed","title":"should reset session completely","duration":3.9240339999998923,"failureMessages":["AssertionError: expected 'test-token' to be null\n    at /home/admin/dev/lx-annotate/frontend/src/components/RequirementReport/__tests__/RequirementGenerator.spec.ts:615:38\n    at file:///home/admin/dev/lx-annotate/frontend/node_modules/@vitest/runner/dist/chunk-hooks.js:752:20"],"meta":{}},{"ancestorTitles":["RequirementGenerator","Error handling"],"fullName":"RequirementGenerator Error handling should display evaluation error","status":"failed","title":"should display evaluation error","duration":5.9441699999999855,"failureMessages":["AssertionError: expected '1. Patient und Untersuchung auswählen…' to contain 'Fehler bei der Evaluierung der Anford…'\n    at /home/admin/dev/lx-annotate/frontend/src/components/RequirementReport/__tests__/RequirementGenerator.spec.ts:638:30\n    at file:///home/admin/dev/lx-annotate/frontend/node_modules/@vitest/runner/dist/chunk-hooks.js:752:20"],"meta":{}},{"ancestorTitles":["RequirementGenerator","Error handling"],"fullName":"RequirementGenerator Error handling should show store errors","status":"passed","title":"should show store errors","duration":1.850781999999981,"failureMessages":[],"meta":{}},{"ancestorTitles":["RequirementGenerator","Finding status logic"],"fullName":"RequirementGenerator Finding status logic should correctly identify added findings","status":"failed","title":"should correctly identify added findings","duration":1.99068699999998,"failureMessages":["Error: Cannot call props on an empty VueWrapper.\n    at Object.get (/home/admin/dev/lx-annotate/frontend/node_modules/@vue/test-utils/dist/vue-test-utils.cjs.js:1574:27)\n    at /home/admin/dev/lx-annotate/frontend/src/components/RequirementReport/__tests__/RequirementGenerator.spec.ts:666:29\n    at file:///home/admin/dev/lx-annotate/frontend/node_modules/@vitest/runner/dist/chunk-hooks.js:752:20"],"meta":{}},{"ancestorTitles":["RequirementGenerator","localStorage persistence"],"fullName":"RequirementGenerator localStorage persistence should persist token and patient examination ID","status":"passed","title":"should persist token and patient examination ID","duration":2.429444000000103,"failureMessages":[],"meta":{}},{"ancestorTitles":["RequirementGenerator","UI disabled states during loading"],"fullName":"RequirementGenerator UI disabled states during loading should disable buttons when loading is true","status":"failed","title":"should disable buttons when loading is true","duration":2.6781169999999292,"failureMessages":["AssertionError: expected undefined to be defined\n    at /home/admin/dev/lx-annotate/frontend/src/components/RequirementReport/__tests__/RequirementGenerator.spec.ts:710:55\n    at file:///home/admin/dev/lx-annotate/frontend/node_modules/@vitest/runner/dist/chunk-hooks.js:752:20"],"meta":{}},{"ancestorTitles":["RequirementGenerator","Edge cases"],"fullName":"RequirementGenerator Edge cases should handle missing selected examination","status":"passed","title":"should handle missing selected examination","duration":2.9063229999999294,"failureMessages":[],"meta":{}},{"ancestorTitles":["RequirementGenerator","Edge cases"],"fullName":"RequirementGenerator Edge cases should handle missing patient","status":"failed","title":"should handle missing patient","duration":2.922129000000041,"failureMessages":["AssertionError: expected '1. Patient und Untersuchung auswählen…' to contain 'Selected patient not found'\n    at /home/admin/dev/lx-annotate/frontend/src/components/RequirementReport/__tests__/RequirementGenerator.spec.ts:751:30\n    at file:///home/admin/dev/lx-annotate/frontend/node_modules/@vitest/runner/dist/chunk-hooks.js:752:20"],"meta":{}},{"ancestorTitles":["RequirementGenerator","Edge cases"],"fullName":"RequirementGenerator Edge cases should load findings data only when store is empty","status":"passed","title":"should load findings data only when store is empty","duration":3.1177059999999983,"failureMessages":[],"meta":{}},{"ancestorTitles":["RequirementGenerator","Success message auto-dismiss"],"fullName":"RequirementGenerator Success message auto-dismiss should auto-dismiss success messages after timeout","status":"failed","title":"should auto-dismiss success messages after timeout","duration":3.4938630000001467,"failureMessages":["Error: Cannot call trigger on an empty DOMWrapper.\n    at Object.get (/home/admin/dev/lx-annotate/frontend/node_modules/@vue/test-utils/dist/vue-test-utils.cjs.js:1574:27)\n    at /home/admin/dev/lx-annotate/frontend/src/components/RequirementReport/__tests__/RequirementGenerator.spec.ts:786:30\n    at file:///home/admin/dev/lx-annotate/frontend/node_modules/@vitest/runner/dist/chunk-hooks.js:752:20"],"meta":{}}],"startTime":1758639785083,"endTime":1758639785190.494,"status":"failed","message":"","name":"/home/admin/dev/lx-annotate/frontend/src/components/RequirementReport/__tests__/RequirementGenerator.spec.ts"},{"assertionResults":[],"startTime":1758639783658,"endTime":1758639783658,"status":"failed","message":"Failed to resolve import \"@/components/DraftIndicator.vue\" from \"src/components/VideoExamination/__tests__/VideoExaminationAnnotation.test.js\". Does the file exist?","name":"/home/admin/dev/lx-annotate/frontend/src/components/VideoExamination/__tests__/VideoExaminationAnnotation.test.js"},{"assertionResults":[],"startTime":1758639783658,"endTime":1758639783658,"status":"failed","message":"Failed to resolve import \"@/components/DraftIndicator.vue\" from \"src/components/VideoExamination/__tests__/VideoExaminationAnnotation.test.ts\". Does the file exist?","name":"/home/admin/dev/lx-annotate/frontend/src/components/VideoExamination/__tests__/VideoExaminationAnnotation.test.ts"},{"assertionResults":[],"startTime":1758639783658,"endTime":1758639783658,"status":"failed","message":"Cannot find module '/home/admin/dev/lx-annotate/frontend/.direnv/flake-inputs/qpn0092ypz2y6mfkhgq6q5dg3mx0ja6b-source/frontend/src/tests/videoStore.test.js'","name":"/home/admin/dev/lx-annotate/frontend/.direnv/flake-inputs/qpn0092ypz2y6mfkhgq6q5dg3mx0ja6b-source/frontend/src/tests/videoStore.test.js"},{"assertionResults":[],"startTime":1758639783658,"endTime":1758639783658,"status":"failed","message":"Cannot find module '/home/admin/dev/lx-annotate/frontend/.direnv/flake-inputs/qpn0092ypz2y6mfkhgq6q5dg3mx0ja6b-source/frontend/src/tests/videoStore.test.ts'","name":"/home/admin/dev/lx-annotate/frontend/.direnv/flake-inputs/qpn0092ypz2y6mfkhgq6q5dg3mx0ja6b-source/frontend/src/tests/videoStore.test.ts"},{"assertionResults":[],"startTime":1758639783658,"endTime":1758639783658,"status":"failed","message":"Cannot find module '/home/admin/dev/lx-annotate/frontend/.direnv/flake-inputs/qpn0092ypz2y6mfkhgq6q5dg3mx0ja6b-source/frontend/tests/unit/FileDropZone.spec.ts'","name":"/home/admin/dev/lx-annotate/frontend/.direnv/flake-inputs/qpn0092ypz2y6mfkhgq6q5dg3mx0ja6b-source/frontend/tests/unit/FileDropZone.spec.ts"},{"assertionResults":[],"startTime":1758639783658,"endTime":1758639783658,"status":"failed","message":"Cannot find module '/home/admin/dev/lx-annotate/frontend/.direnv/flake-inputs/qpn0092ypz2y6mfkhgq6q5dg3mx0ja6b-source/frontend/src/components/__tests__/DraftIndicator.test.js'","name":"/home/admin/dev/lx-annotate/frontend/.direnv/flake-inputs/qpn0092ypz2y6mfkhgq6q5dg3mx0ja6b-source/frontend/src/components/__tests__/DraftIndicator.test.js"},{"assertionResults":[],"startTime":1758639783658,"endTime":1758639783658,"status":"failed","message":"Cannot find module '/home/admin/dev/lx-annotate/frontend/.direnv/flake-inputs/qpn0092ypz2y6mfkhgq6q5dg3mx0ja6b-source/frontend/src/components/__tests__/DraftIndicator.test.ts'","name":"/home/admin/dev/lx-annotate/frontend/.direnv/flake-inputs/qpn0092ypz2y6mfkhgq6q5dg3mx0ja6b-source/frontend/src/components/__tests__/DraftIndicator.test.ts"},{"assertionResults":[],"startTime":1758639783658,"endTime":1758639783658,"status":"failed","message":"Cannot find module '/home/admin/dev/lx-annotate/frontend/.direnv/flake-inputs/qpn0092ypz2y6mfkhgq6q5dg3mx0ja6b-source/frontend/src/components/__tests__/DraftManager.test.js'","name":"/home/admin/dev/lx-annotate/frontend/.direnv/flake-inputs/qpn0092ypz2y6mfkhgq6q5dg3mx0ja6b-source/frontend/src/components/__tests__/DraftManager.test.js"},{"assertionResults":[],"startTime":1758639783658,"endTime":1758639783658,"status":"failed","message":"Cannot find module '/home/admin/dev/lx-annotate/frontend/.direnv/flake-inputs/qpn0092ypz2y6mfkhgq6q5dg3mx0ja6b-source/frontend/src/components/__tests__/DraftManager.test.ts'","name":"/home/admin/dev/lx-annotate/frontend/.direnv/flake-inputs/qpn0092ypz2y6mfkhgq6q5dg3mx0ja6b-source/frontend/src/components/__tests__/DraftManager.test.ts"},{"assertionResults":[],"startTime":1758639783658,"endTime":1758639783658,"status":"failed","message":"Cannot find module '/home/admin/dev/lx-annotate/frontend/.direnv/flake-inputs/qpn0092ypz2y6mfkhgq6q5dg3mx0ja6b-source/frontend/src/components/__tests__/DraftSystemIntegration.test.js'","name":"/home/admin/dev/lx-annotate/frontend/.direnv/flake-inputs/qpn0092ypz2y6mfkhgq6q5dg3mx0ja6b-source/frontend/src/components/__tests__/DraftSystemIntegration.test.js"},{"assertionResults":[],"startTime":1758639783658,"endTime":1758639783658,"status":"failed","message":"Cannot find module '/home/admin/dev/lx-annotate/frontend/.direnv/flake-inputs/qpn0092ypz2y6mfkhgq6q5dg3mx0ja6b-source/frontend/src/components/__tests__/DraftSystemIntegration.test.ts'","name":"/home/admin/dev/lx-annotate/frontend/.direnv/flake-inputs/qpn0092ypz2y6mfkhgq6q5dg3mx0ja6b-source/frontend/src/components/__tests__/DraftSystemIntegration.test.ts"},{"assertionResults":[],"startTime":1758639783658,"endTime":1758639783658,"status":"failed","message":"Cannot find module '/home/admin/dev/lx-annotate/frontend/.direnv/flake-inputs/qpn0092ypz2y6mfkhgq6q5dg3mx0ja6b-source/frontend/src/utils/__tests__/timeUtils.test.js'","name":"/home/admin/dev/lx-annotate/frontend/.direnv/flake-inputs/qpn0092ypz2y6mfkhgq6q5dg3mx0ja6b-source/frontend/src/utils/__tests__/timeUtils.test.js"},{"assertionResults":[],"startTime":1758639783658,"endTime":1758639783658,"status":"failed","message":"Cannot find module '/home/admin/dev/lx-annotate/frontend/.direnv/flake-inputs/qpn0092ypz2y6mfkhgq6q5dg3mx0ja6b-source/frontend/src/utils/__tests__/timeUtils.test.ts'","name":"/home/admin/dev/lx-annotate/frontend/.direnv/flake-inputs/qpn0092ypz2y6mfkhgq6q5dg3mx0ja6b-source/frontend/src/utils/__tests__/timeUtils.test.ts"},{"assertionResults":[],"startTime":1758639783658,"endTime":1758639783658,"status":"failed","message":"Cannot find module '/home/admin/dev/lx-annotate/frontend/.direnv/flake-inputs/qpn0092ypz2y6mfkhgq6q5dg3mx0ja6b-source/frontend/src/stores/__tests__/draft.test.js'","name":"/home/admin/dev/lx-annotate/frontend/.direnv/flake-inputs/qpn0092ypz2y6mfkhgq6q5dg3mx0ja6b-source/frontend/src/stores/__tests__/draft.test.js"},{"assertionResults":[],"startTime":1758639783658,"endTime":1758639783658,"status":"failed","message":"Cannot find module '/home/admin/dev/lx-annotate/frontend/.direnv/flake-inputs/qpn0092ypz2y6mfkhgq6q5dg3mx0ja6b-source/frontend/src/stores/__tests__/draft.test.ts'","name":"/home/admin/dev/lx-annotate/frontend/.direnv/flake-inputs/qpn0092ypz2y6mfkhgq6q5dg3mx0ja6b-source/frontend/src/stores/__tests__/draft.test.ts"},{"assertionResults":[],"startTime":1758639783658,"endTime":1758639783658,"status":"failed","message":"Cannot find module '/home/admin/dev/lx-annotate/frontend/.direnv/flake-inputs/qpn0092ypz2y6mfkhgq6q5dg3mx0ja6b-source/frontend/src/stores/__tests__/videoStore.test.js'","name":"/home/admin/dev/lx-annotate/frontend/.direnv/flake-inputs/qpn0092ypz2y6mfkhgq6q5dg3mx0ja6b-source/frontend/src/stores/__tests__/videoStore.test.js"},{"assertionResults":[],"startTime":1758639783658,"endTime":1758639783658,"status":"failed","message":"Cannot find module '/home/admin/dev/lx-annotate/frontend/.direnv/flake-inputs/qpn0092ypz2y6mfkhgq6q5dg3mx0ja6b-source/frontend/src/stores/__tests__/videoStore.test.ts'","name":"/home/admin/dev/lx-annotate/frontend/.direnv/flake-inputs/qpn0092ypz2y6mfkhgq6q5dg3mx0ja6b-source/frontend/src/stores/__tests__/videoStore.test.ts"},{"assertionResults":[],"startTime":1758639783658,"endTime":1758639783658,"status":"failed","message":"Cannot find module '/home/admin/dev/lx-annotate/frontend/.direnv/flake-inputs/qpn0092ypz2y6mfkhgq6q5dg3mx0ja6b-source/frontend/src/components/VideoExamination/__tests__/VideoExaminationAnnotation.test.js'","name":"/home/admin/dev/lx-annotate/frontend/.direnv/flake-inputs/qpn0092ypz2y6mfkhgq6q5dg3mx0ja6b-source/frontend/src/components/VideoExamination/__tests__/VideoExaminationAnnotation.test.js"},{"assertionResults":[],"startTime":1758639783658,"endTime":1758639783658,"status":"failed","message":"Cannot find module '/home/admin/dev/lx-annotate/frontend/.direnv/flake-inputs/qpn0092ypz2y6mfkhgq6q5dg3mx0ja6b-source/frontend/src/components/VideoExamination/__tests__/VideoExaminationAnnotation.test.ts'","name":"/home/admin/dev/lx-annotate/frontend/.direnv/flake-inputs/qpn0092ypz2y6mfkhgq6q5dg3mx0ja6b-source/frontend/src/components/VideoExamination/__tests__/VideoExaminationAnnotation.test.ts"}]}
